[2023-05-04T11:07:22.573-0300] {taskinstance.py:1090} INFO - Dependencies all met for dep_context=non-requeueable deps ti=<TaskInstance: NorthwindELT.export_final_output manual__2023-05-04T14:04:17.012090+00:00 [queued]>
[2023-05-04T11:07:22.604-0300] {taskinstance.py:1090} INFO - Dependencies all met for dep_context=requeueable deps ti=<TaskInstance: NorthwindELT.export_final_output manual__2023-05-04T14:04:17.012090+00:00 [queued]>
[2023-05-04T11:07:22.605-0300] {taskinstance.py:1288} INFO - 
--------------------------------------------------------------------------------
[2023-05-04T11:07:22.605-0300] {taskinstance.py:1289} INFO - Starting attempt 1 of 2
[2023-05-04T11:07:22.606-0300] {taskinstance.py:1290} INFO - 
--------------------------------------------------------------------------------
[2023-05-04T11:07:22.646-0300] {taskinstance.py:1309} INFO - Executing <Task(PythonOperator): export_final_output> on 2023-05-04 14:04:17.012090+00:00
[2023-05-04T11:07:22.652-0300] {standard_task_runner.py:55} INFO - Started process 820 to run task
[2023-05-04T11:07:22.658-0300] {standard_task_runner.py:82} INFO - Running: ['airflow', 'tasks', 'run', 'NorthwindELT', 'export_final_output', 'manual__2023-05-04T14:04:17.012090+00:00', '--job-id', '13', '--raw', '--subdir', 'DAGS_FOLDER/elt_dag.py', '--cfg-path', '/tmp/tmpe09cy2mw']
[2023-05-04T11:07:22.660-0300] {standard_task_runner.py:83} INFO - Job 13: Subtask export_final_output
[2023-05-04T11:07:22.785-0300] {task_command.py:389} INFO - Running <TaskInstance: NorthwindELT.export_final_output manual__2023-05-04T14:04:17.012090+00:00 [running]> on host DESKTOP-9GR2FI9.localdomain
[2023-05-04T11:07:22.926-0300] {taskinstance.py:1516} INFO - Exporting the following env vars:
AIRFLOW_CTX_DAG_EMAIL=airflow@example.com
AIRFLOW_CTX_DAG_OWNER=airflow
AIRFLOW_CTX_DAG_ID=NorthwindELT
AIRFLOW_CTX_TASK_ID=export_final_output
AIRFLOW_CTX_EXECUTION_DATE=2023-05-04T14:04:17.012090+00:00
AIRFLOW_CTX_TRY_NUMBER=1
AIRFLOW_CTX_DAG_RUN_ID=manual__2023-05-04T14:04:17.012090+00:00
[2023-05-04T11:07:22.946-0300] {python.py:177} INFO - Done. Returned value was: None
[2023-05-04T11:07:22.959-0300] {taskinstance.py:1327} INFO - Marking task as SUCCESS. dag_id=NorthwindELT, task_id=export_final_output, execution_date=20230504T140417, start_date=20230504T140722, end_date=20230504T140722
[2023-05-04T11:07:23.030-0300] {local_task_job.py:212} INFO - Task exited with return code 0
[2023-05-04T11:07:23.061-0300] {taskinstance.py:2596} INFO - 0 downstream tasks scheduled from follow-on schedule check
