[2023-05-04T11:06:03.487-0300] {taskinstance.py:1090} INFO - Dependencies all met for dep_context=non-requeueable deps ti=<TaskInstance: NorthwindELT.load_to_query manual__2023-05-04T14:04:17.012090+00:00 [queued]>
[2023-05-04T11:06:03.519-0300] {taskinstance.py:1090} INFO - Dependencies all met for dep_context=requeueable deps ti=<TaskInstance: NorthwindELT.load_to_query manual__2023-05-04T14:04:17.012090+00:00 [queued]>
[2023-05-04T11:06:03.519-0300] {taskinstance.py:1288} INFO - 
--------------------------------------------------------------------------------
[2023-05-04T11:06:03.520-0300] {taskinstance.py:1289} INFO - Starting attempt 1 of 2
[2023-05-04T11:06:03.520-0300] {taskinstance.py:1290} INFO - 
--------------------------------------------------------------------------------
[2023-05-04T11:06:03.564-0300] {taskinstance.py:1309} INFO - Executing <Task(PythonOperator): load_to_query> on 2023-05-04 14:04:17.012090+00:00
[2023-05-04T11:06:03.567-0300] {standard_task_runner.py:55} INFO - Started process 804 to run task
[2023-05-04T11:06:03.571-0300] {standard_task_runner.py:82} INFO - Running: ['airflow', 'tasks', 'run', 'NorthwindELT', 'load_to_query', 'manual__2023-05-04T14:04:17.012090+00:00', '--job-id', '11', '--raw', '--subdir', 'DAGS_FOLDER/elt_dag.py', '--cfg-path', '/tmp/tmp33nkkxt5']
[2023-05-04T11:06:03.573-0300] {standard_task_runner.py:83} INFO - Job 11: Subtask load_to_query
[2023-05-04T11:06:03.700-0300] {task_command.py:389} INFO - Running <TaskInstance: NorthwindELT.load_to_query manual__2023-05-04T14:04:17.012090+00:00 [running]> on host DESKTOP-9GR2FI9.localdomain
[2023-05-04T11:06:03.852-0300] {taskinstance.py:1516} INFO - Exporting the following env vars:
AIRFLOW_CTX_DAG_EMAIL=airflow@example.com
AIRFLOW_CTX_DAG_OWNER=airflow
AIRFLOW_CTX_DAG_ID=NorthwindELT
AIRFLOW_CTX_TASK_ID=load_to_query
AIRFLOW_CTX_EXECUTION_DATE=2023-05-04T14:04:17.012090+00:00
AIRFLOW_CTX_TRY_NUMBER=1
AIRFLOW_CTX_DAG_RUN_ID=manual__2023-05-04T14:04:17.012090+00:00
[2023-05-04T11:06:03.932-0300] {python.py:177} INFO - Done. Returned value was: None
[2023-05-04T11:06:03.947-0300] {taskinstance.py:1327} INFO - Marking task as SUCCESS. dag_id=NorthwindELT, task_id=load_to_query, execution_date=20230504T140417, start_date=20230504T140603, end_date=20230504T140603
[2023-05-04T11:06:04.025-0300] {local_task_job.py:212} INFO - Task exited with return code 0
[2023-05-04T11:06:04.082-0300] {taskinstance.py:2596} INFO - 1 downstream tasks scheduled from follow-on schedule check
