[2023-05-03T22:47:57.928-0300] {processor.py:153} INFO - Started process (PID=3023) to work on /mnt/c/Users/carlo/Desktop/Cursos/cientistaDados_Lighthouse/Aulas/5desafio_V/programaLighthouse_eng_dados/airflow-data/dags/elt_dag.py
[2023-05-03T22:47:57.930-0300] {processor.py:743} INFO - Processing file /mnt/c/Users/carlo/Desktop/Cursos/cientistaDados_Lighthouse/Aulas/5desafio_V/programaLighthouse_eng_dados/airflow-data/dags/elt_dag.py for tasks to queue
[2023-05-03T22:47:57.932-0300] {logging_mixin.py:137} INFO - [2023-05-03T22:47:57.931-0300] {dagbag.py:532} INFO - Filling up the DagBag from /mnt/c/Users/carlo/Desktop/Cursos/cientistaDados_Lighthouse/Aulas/5desafio_V/programaLighthouse_eng_dados/airflow-data/dags/elt_dag.py
[2023-05-03T22:48:08.037-0300] {processor.py:753} INFO - DAG(s) dict_keys(['NorthwindELT']) retrieved from /mnt/c/Users/carlo/Desktop/Cursos/cientistaDados_Lighthouse/Aulas/5desafio_V/programaLighthouse_eng_dados/airflow-data/dags/elt_dag.py
[2023-05-03T22:48:08.195-0300] {logging_mixin.py:137} INFO - [2023-05-03T22:48:08.194-0300] {dag.py:2705} INFO - Sync 1 DAGs
[2023-05-03T22:48:08.226-0300] {logging_mixin.py:137} INFO - [2023-05-03T22:48:08.226-0300] {dag.py:3452} INFO - Setting next_dagrun for NorthwindELT to 2023-05-04T01:21:12.374334+00:00, run_after=2023-05-04T01:51:12.374334+00:00
[2023-05-03T22:48:08.315-0300] {processor.py:175} INFO - Processing /mnt/c/Users/carlo/Desktop/Cursos/cientistaDados_Lighthouse/Aulas/5desafio_V/programaLighthouse_eng_dados/airflow-data/dags/elt_dag.py took 10.395 seconds
[2023-05-03T22:48:38.744-0300] {processor.py:153} INFO - Started process (PID=3029) to work on /mnt/c/Users/carlo/Desktop/Cursos/cientistaDados_Lighthouse/Aulas/5desafio_V/programaLighthouse_eng_dados/airflow-data/dags/elt_dag.py
[2023-05-03T22:48:38.746-0300] {processor.py:743} INFO - Processing file /mnt/c/Users/carlo/Desktop/Cursos/cientistaDados_Lighthouse/Aulas/5desafio_V/programaLighthouse_eng_dados/airflow-data/dags/elt_dag.py for tasks to queue
[2023-05-03T22:48:38.747-0300] {logging_mixin.py:137} INFO - [2023-05-03T22:48:38.747-0300] {dagbag.py:532} INFO - Filling up the DagBag from /mnt/c/Users/carlo/Desktop/Cursos/cientistaDados_Lighthouse/Aulas/5desafio_V/programaLighthouse_eng_dados/airflow-data/dags/elt_dag.py
[2023-05-03T22:48:47.592-0300] {processor.py:753} INFO - DAG(s) dict_keys(['NorthwindELT']) retrieved from /mnt/c/Users/carlo/Desktop/Cursos/cientistaDados_Lighthouse/Aulas/5desafio_V/programaLighthouse_eng_dados/airflow-data/dags/elt_dag.py
[2023-05-03T22:48:48.097-0300] {logging_mixin.py:137} INFO - [2023-05-03T22:48:48.090-0300] {dag.py:2705} INFO - Sync 1 DAGs
[2023-05-03T22:48:48.213-0300] {logging_mixin.py:137} INFO - [2023-05-03T22:48:48.212-0300] {dag.py:3452} INFO - Setting next_dagrun for NorthwindELT to 2023-05-04T01:21:12.374334+00:00, run_after=2023-05-04T01:51:12.374334+00:00
[2023-05-03T22:48:48.364-0300] {processor.py:175} INFO - Processing /mnt/c/Users/carlo/Desktop/Cursos/cientistaDados_Lighthouse/Aulas/5desafio_V/programaLighthouse_eng_dados/airflow-data/dags/elt_dag.py took 9.623 seconds
[2023-05-03T22:49:19.042-0300] {processor.py:153} INFO - Started process (PID=3034) to work on /mnt/c/Users/carlo/Desktop/Cursos/cientistaDados_Lighthouse/Aulas/5desafio_V/programaLighthouse_eng_dados/airflow-data/dags/elt_dag.py
[2023-05-03T22:49:19.044-0300] {processor.py:743} INFO - Processing file /mnt/c/Users/carlo/Desktop/Cursos/cientistaDados_Lighthouse/Aulas/5desafio_V/programaLighthouse_eng_dados/airflow-data/dags/elt_dag.py for tasks to queue
[2023-05-03T22:49:19.045-0300] {logging_mixin.py:137} INFO - [2023-05-03T22:49:19.045-0300] {dagbag.py:532} INFO - Filling up the DagBag from /mnt/c/Users/carlo/Desktop/Cursos/cientistaDados_Lighthouse/Aulas/5desafio_V/programaLighthouse_eng_dados/airflow-data/dags/elt_dag.py
[2023-05-03T22:49:27.824-0300] {processor.py:753} INFO - DAG(s) dict_keys(['NorthwindELT']) retrieved from /mnt/c/Users/carlo/Desktop/Cursos/cientistaDados_Lighthouse/Aulas/5desafio_V/programaLighthouse_eng_dados/airflow-data/dags/elt_dag.py
[2023-05-03T22:49:28.099-0300] {logging_mixin.py:137} INFO - [2023-05-03T22:49:28.096-0300] {dag.py:2705} INFO - Sync 1 DAGs
[2023-05-03T22:49:28.175-0300] {logging_mixin.py:137} INFO - [2023-05-03T22:49:28.175-0300] {dag.py:3452} INFO - Setting next_dagrun for NorthwindELT to 2023-05-04T01:21:12.374334+00:00, run_after=2023-05-04T01:51:12.374334+00:00
[2023-05-03T22:49:28.312-0300] {processor.py:175} INFO - Processing /mnt/c/Users/carlo/Desktop/Cursos/cientistaDados_Lighthouse/Aulas/5desafio_V/programaLighthouse_eng_dados/airflow-data/dags/elt_dag.py took 9.273 seconds
[2023-05-03T22:49:58.774-0300] {processor.py:153} INFO - Started process (PID=3039) to work on /mnt/c/Users/carlo/Desktop/Cursos/cientistaDados_Lighthouse/Aulas/5desafio_V/programaLighthouse_eng_dados/airflow-data/dags/elt_dag.py
[2023-05-03T22:49:58.776-0300] {processor.py:743} INFO - Processing file /mnt/c/Users/carlo/Desktop/Cursos/cientistaDados_Lighthouse/Aulas/5desafio_V/programaLighthouse_eng_dados/airflow-data/dags/elt_dag.py for tasks to queue
[2023-05-03T22:49:58.779-0300] {logging_mixin.py:137} INFO - [2023-05-03T22:49:58.778-0300] {dagbag.py:532} INFO - Filling up the DagBag from /mnt/c/Users/carlo/Desktop/Cursos/cientistaDados_Lighthouse/Aulas/5desafio_V/programaLighthouse_eng_dados/airflow-data/dags/elt_dag.py
[2023-05-03T22:50:06.756-0300] {processor.py:753} INFO - DAG(s) dict_keys(['NorthwindELT']) retrieved from /mnt/c/Users/carlo/Desktop/Cursos/cientistaDados_Lighthouse/Aulas/5desafio_V/programaLighthouse_eng_dados/airflow-data/dags/elt_dag.py
[2023-05-03T22:50:06.956-0300] {logging_mixin.py:137} INFO - [2023-05-03T22:50:06.955-0300] {dag.py:2705} INFO - Sync 1 DAGs
[2023-05-03T22:50:06.994-0300] {logging_mixin.py:137} INFO - [2023-05-03T22:50:06.994-0300] {dag.py:3452} INFO - Setting next_dagrun for NorthwindELT to 2023-05-04T01:21:12.374334+00:00, run_after=2023-05-04T01:51:12.374334+00:00
[2023-05-03T22:50:07.074-0300] {processor.py:175} INFO - Processing /mnt/c/Users/carlo/Desktop/Cursos/cientistaDados_Lighthouse/Aulas/5desafio_V/programaLighthouse_eng_dados/airflow-data/dags/elt_dag.py took 8.312 seconds
[2023-05-03T22:50:37.645-0300] {processor.py:153} INFO - Started process (PID=3066) to work on /mnt/c/Users/carlo/Desktop/Cursos/cientistaDados_Lighthouse/Aulas/5desafio_V/programaLighthouse_eng_dados/airflow-data/dags/elt_dag.py
[2023-05-03T22:50:37.647-0300] {processor.py:743} INFO - Processing file /mnt/c/Users/carlo/Desktop/Cursos/cientistaDados_Lighthouse/Aulas/5desafio_V/programaLighthouse_eng_dados/airflow-data/dags/elt_dag.py for tasks to queue
[2023-05-03T22:50:37.648-0300] {logging_mixin.py:137} INFO - [2023-05-03T22:50:37.647-0300] {dagbag.py:532} INFO - Filling up the DagBag from /mnt/c/Users/carlo/Desktop/Cursos/cientistaDados_Lighthouse/Aulas/5desafio_V/programaLighthouse_eng_dados/airflow-data/dags/elt_dag.py
[2023-05-03T22:50:43.579-0300] {processor.py:753} INFO - DAG(s) dict_keys(['NorthwindELT']) retrieved from /mnt/c/Users/carlo/Desktop/Cursos/cientistaDados_Lighthouse/Aulas/5desafio_V/programaLighthouse_eng_dados/airflow-data/dags/elt_dag.py
[2023-05-03T22:50:43.717-0300] {logging_mixin.py:137} INFO - [2023-05-03T22:50:43.717-0300] {dag.py:2705} INFO - Sync 1 DAGs
[2023-05-03T22:50:43.748-0300] {logging_mixin.py:137} INFO - [2023-05-03T22:50:43.748-0300] {dag.py:3452} INFO - Setting next_dagrun for NorthwindELT to 2023-05-04T01:21:12.374334+00:00, run_after=2023-05-04T01:51:12.374334+00:00
[2023-05-03T22:50:43.871-0300] {processor.py:175} INFO - Processing /mnt/c/Users/carlo/Desktop/Cursos/cientistaDados_Lighthouse/Aulas/5desafio_V/programaLighthouse_eng_dados/airflow-data/dags/elt_dag.py took 6.230 seconds
[2023-05-03T22:51:53.296-0300] {processor.py:153} INFO - Started process (PID=3108) to work on /mnt/c/Users/carlo/Desktop/Cursos/cientistaDados_Lighthouse/Aulas/5desafio_V/programaLighthouse_eng_dados/airflow-data/dags/elt_dag.py
[2023-05-03T22:51:53.320-0300] {processor.py:743} INFO - Processing file /mnt/c/Users/carlo/Desktop/Cursos/cientistaDados_Lighthouse/Aulas/5desafio_V/programaLighthouse_eng_dados/airflow-data/dags/elt_dag.py for tasks to queue
[2023-05-03T22:51:53.322-0300] {logging_mixin.py:137} INFO - [2023-05-03T22:51:53.321-0300] {dagbag.py:532} INFO - Filling up the DagBag from /mnt/c/Users/carlo/Desktop/Cursos/cientistaDados_Lighthouse/Aulas/5desafio_V/programaLighthouse_eng_dados/airflow-data/dags/elt_dag.py
[2023-05-03T22:52:02.369-0300] {processor.py:753} INFO - DAG(s) dict_keys(['NorthwindELT']) retrieved from /mnt/c/Users/carlo/Desktop/Cursos/cientistaDados_Lighthouse/Aulas/5desafio_V/programaLighthouse_eng_dados/airflow-data/dags/elt_dag.py
[2023-05-03T22:52:02.590-0300] {logging_mixin.py:137} INFO - [2023-05-03T22:52:02.590-0300] {dag.py:2705} INFO - Sync 1 DAGs
[2023-05-03T22:52:02.625-0300] {logging_mixin.py:137} INFO - [2023-05-03T22:52:02.625-0300] {dag.py:3452} INFO - Setting next_dagrun for NorthwindELT to 2023-05-04T01:51:12.374334+00:00, run_after=2023-05-04T02:21:12.374334+00:00
[2023-05-03T22:52:02.701-0300] {processor.py:175} INFO - Processing /mnt/c/Users/carlo/Desktop/Cursos/cientistaDados_Lighthouse/Aulas/5desafio_V/programaLighthouse_eng_dados/airflow-data/dags/elt_dag.py took 9.416 seconds
[2023-05-03T22:52:42.391-0300] {processor.py:153} INFO - Started process (PID=3150) to work on /mnt/c/Users/carlo/Desktop/Cursos/cientistaDados_Lighthouse/Aulas/5desafio_V/programaLighthouse_eng_dados/airflow-data/dags/elt_dag.py
[2023-05-03T22:52:42.398-0300] {processor.py:743} INFO - Processing file /mnt/c/Users/carlo/Desktop/Cursos/cientistaDados_Lighthouse/Aulas/5desafio_V/programaLighthouse_eng_dados/airflow-data/dags/elt_dag.py for tasks to queue
[2023-05-03T22:52:42.400-0300] {logging_mixin.py:137} INFO - [2023-05-03T22:52:42.400-0300] {dagbag.py:532} INFO - Filling up the DagBag from /mnt/c/Users/carlo/Desktop/Cursos/cientistaDados_Lighthouse/Aulas/5desafio_V/programaLighthouse_eng_dados/airflow-data/dags/elt_dag.py
[2023-05-04T10:39:14.669-0300] {processor.py:153} INFO - Started process (PID=670) to work on /mnt/c/Users/carlo/Desktop/Cursos/cientistaDados_Lighthouse/Aulas/5desafio_V/programaLighthouse_eng_dados/airflow-data/dags/elt_dag.py
[2023-05-04T10:39:14.672-0300] {processor.py:743} INFO - Processing file /mnt/c/Users/carlo/Desktop/Cursos/cientistaDados_Lighthouse/Aulas/5desafio_V/programaLighthouse_eng_dados/airflow-data/dags/elt_dag.py for tasks to queue
[2023-05-04T10:39:14.681-0300] {logging_mixin.py:137} INFO - [2023-05-04T10:39:14.681-0300] {dagbag.py:532} INFO - Filling up the DagBag from /mnt/c/Users/carlo/Desktop/Cursos/cientistaDados_Lighthouse/Aulas/5desafio_V/programaLighthouse_eng_dados/airflow-data/dags/elt_dag.py
[2023-05-04T10:39:19.150-0300] {processor.py:753} INFO - DAG(s) dict_keys(['NorthwindELT']) retrieved from /mnt/c/Users/carlo/Desktop/Cursos/cientistaDados_Lighthouse/Aulas/5desafio_V/programaLighthouse_eng_dados/airflow-data/dags/elt_dag.py
[2023-05-04T10:39:19.356-0300] {logging_mixin.py:137} INFO - [2023-05-04T10:39:19.356-0300] {dag.py:2705} INFO - Sync 1 DAGs
[2023-05-04T10:39:19.397-0300] {logging_mixin.py:137} INFO - [2023-05-04T10:39:19.396-0300] {dag.py:3452} INFO - Setting next_dagrun for NorthwindELT to 2023-05-04T13:09:19.396510+00:00, run_after=2023-05-04T13:39:19.396510+00:00
[2023-05-04T10:39:19.488-0300] {processor.py:175} INFO - Processing /mnt/c/Users/carlo/Desktop/Cursos/cientistaDados_Lighthouse/Aulas/5desafio_V/programaLighthouse_eng_dados/airflow-data/dags/elt_dag.py took 4.825 seconds
[2023-05-04T10:39:50.176-0300] {processor.py:153} INFO - Started process (PID=675) to work on /mnt/c/Users/carlo/Desktop/Cursos/cientistaDados_Lighthouse/Aulas/5desafio_V/programaLighthouse_eng_dados/airflow-data/dags/elt_dag.py
[2023-05-04T10:39:50.177-0300] {processor.py:743} INFO - Processing file /mnt/c/Users/carlo/Desktop/Cursos/cientistaDados_Lighthouse/Aulas/5desafio_V/programaLighthouse_eng_dados/airflow-data/dags/elt_dag.py for tasks to queue
[2023-05-04T10:39:50.178-0300] {logging_mixin.py:137} INFO - [2023-05-04T10:39:50.178-0300] {dagbag.py:532} INFO - Filling up the DagBag from /mnt/c/Users/carlo/Desktop/Cursos/cientistaDados_Lighthouse/Aulas/5desafio_V/programaLighthouse_eng_dados/airflow-data/dags/elt_dag.py
[2023-05-04T10:39:53.768-0300] {processor.py:753} INFO - DAG(s) dict_keys(['NorthwindELT']) retrieved from /mnt/c/Users/carlo/Desktop/Cursos/cientistaDados_Lighthouse/Aulas/5desafio_V/programaLighthouse_eng_dados/airflow-data/dags/elt_dag.py
[2023-05-04T10:39:53.894-0300] {logging_mixin.py:137} INFO - [2023-05-04T10:39:53.893-0300] {dag.py:2705} INFO - Sync 1 DAGs
[2023-05-04T10:39:53.921-0300] {logging_mixin.py:137} INFO - [2023-05-04T10:39:53.920-0300] {dag.py:3452} INFO - Setting next_dagrun for NorthwindELT to 2023-05-04T13:09:53.920664+00:00, run_after=2023-05-04T13:39:53.920664+00:00
[2023-05-04T10:39:54.000-0300] {processor.py:175} INFO - Processing /mnt/c/Users/carlo/Desktop/Cursos/cientistaDados_Lighthouse/Aulas/5desafio_V/programaLighthouse_eng_dados/airflow-data/dags/elt_dag.py took 3.830 seconds
[2023-05-04T10:40:24.498-0300] {processor.py:153} INFO - Started process (PID=680) to work on /mnt/c/Users/carlo/Desktop/Cursos/cientistaDados_Lighthouse/Aulas/5desafio_V/programaLighthouse_eng_dados/airflow-data/dags/elt_dag.py
[2023-05-04T10:40:24.500-0300] {processor.py:743} INFO - Processing file /mnt/c/Users/carlo/Desktop/Cursos/cientistaDados_Lighthouse/Aulas/5desafio_V/programaLighthouse_eng_dados/airflow-data/dags/elt_dag.py for tasks to queue
[2023-05-04T10:40:24.501-0300] {logging_mixin.py:137} INFO - [2023-05-04T10:40:24.501-0300] {dagbag.py:532} INFO - Filling up the DagBag from /mnt/c/Users/carlo/Desktop/Cursos/cientistaDados_Lighthouse/Aulas/5desafio_V/programaLighthouse_eng_dados/airflow-data/dags/elt_dag.py
[2023-05-04T10:40:27.918-0300] {processor.py:753} INFO - DAG(s) dict_keys(['NorthwindELT']) retrieved from /mnt/c/Users/carlo/Desktop/Cursos/cientistaDados_Lighthouse/Aulas/5desafio_V/programaLighthouse_eng_dados/airflow-data/dags/elt_dag.py
[2023-05-04T10:40:28.082-0300] {logging_mixin.py:137} INFO - [2023-05-04T10:40:28.082-0300] {dag.py:2705} INFO - Sync 1 DAGs
[2023-05-04T10:40:28.115-0300] {logging_mixin.py:137} INFO - [2023-05-04T10:40:28.115-0300] {dag.py:3452} INFO - Setting next_dagrun for NorthwindELT to 2023-05-04T13:10:28.115582+00:00, run_after=2023-05-04T13:40:28.115582+00:00
[2023-05-04T10:40:28.232-0300] {processor.py:175} INFO - Processing /mnt/c/Users/carlo/Desktop/Cursos/cientistaDados_Lighthouse/Aulas/5desafio_V/programaLighthouse_eng_dados/airflow-data/dags/elt_dag.py took 3.738 seconds
[2023-05-04T10:40:59.635-0300] {processor.py:153} INFO - Started process (PID=681) to work on /mnt/c/Users/carlo/Desktop/Cursos/cientistaDados_Lighthouse/Aulas/5desafio_V/programaLighthouse_eng_dados/airflow-data/dags/elt_dag.py
[2023-05-04T10:40:59.649-0300] {processor.py:743} INFO - Processing file /mnt/c/Users/carlo/Desktop/Cursos/cientistaDados_Lighthouse/Aulas/5desafio_V/programaLighthouse_eng_dados/airflow-data/dags/elt_dag.py for tasks to queue
[2023-05-04T10:40:59.658-0300] {logging_mixin.py:137} INFO - [2023-05-04T10:40:59.657-0300] {dagbag.py:532} INFO - Filling up the DagBag from /mnt/c/Users/carlo/Desktop/Cursos/cientistaDados_Lighthouse/Aulas/5desafio_V/programaLighthouse_eng_dados/airflow-data/dags/elt_dag.py
[2023-05-04T10:41:09.273-0300] {processor.py:753} INFO - DAG(s) dict_keys(['NorthwindELT']) retrieved from /mnt/c/Users/carlo/Desktop/Cursos/cientistaDados_Lighthouse/Aulas/5desafio_V/programaLighthouse_eng_dados/airflow-data/dags/elt_dag.py
[2023-05-04T10:41:09.605-0300] {logging_mixin.py:137} INFO - [2023-05-04T10:41:09.605-0300] {dag.py:2705} INFO - Sync 1 DAGs
[2023-05-04T10:41:09.712-0300] {logging_mixin.py:137} INFO - [2023-05-04T10:41:09.712-0300] {dag.py:3452} INFO - Setting next_dagrun for NorthwindELT to 2023-05-04T13:11:09.711998+00:00, run_after=2023-05-04T13:41:09.711998+00:00
[2023-05-04T10:41:09.887-0300] {processor.py:175} INFO - Processing /mnt/c/Users/carlo/Desktop/Cursos/cientistaDados_Lighthouse/Aulas/5desafio_V/programaLighthouse_eng_dados/airflow-data/dags/elt_dag.py took 10.258 seconds
[2023-05-04T10:41:40.360-0300] {processor.py:153} INFO - Started process (PID=682) to work on /mnt/c/Users/carlo/Desktop/Cursos/cientistaDados_Lighthouse/Aulas/5desafio_V/programaLighthouse_eng_dados/airflow-data/dags/elt_dag.py
[2023-05-04T10:41:40.362-0300] {processor.py:743} INFO - Processing file /mnt/c/Users/carlo/Desktop/Cursos/cientistaDados_Lighthouse/Aulas/5desafio_V/programaLighthouse_eng_dados/airflow-data/dags/elt_dag.py for tasks to queue
[2023-05-04T10:41:40.363-0300] {logging_mixin.py:137} INFO - [2023-05-04T10:41:40.363-0300] {dagbag.py:532} INFO - Filling up the DagBag from /mnt/c/Users/carlo/Desktop/Cursos/cientistaDados_Lighthouse/Aulas/5desafio_V/programaLighthouse_eng_dados/airflow-data/dags/elt_dag.py
[2023-05-04T10:41:44.237-0300] {processor.py:753} INFO - DAG(s) dict_keys(['NorthwindELT']) retrieved from /mnt/c/Users/carlo/Desktop/Cursos/cientistaDados_Lighthouse/Aulas/5desafio_V/programaLighthouse_eng_dados/airflow-data/dags/elt_dag.py
[2023-05-04T10:41:44.409-0300] {logging_mixin.py:137} INFO - [2023-05-04T10:41:44.409-0300] {dag.py:2705} INFO - Sync 1 DAGs
[2023-05-04T10:41:44.444-0300] {logging_mixin.py:137} INFO - [2023-05-04T10:41:44.444-0300] {dag.py:3452} INFO - Setting next_dagrun for NorthwindELT to 2023-05-04T13:11:44.444251+00:00, run_after=2023-05-04T13:41:44.444251+00:00
[2023-05-04T10:41:44.531-0300] {processor.py:175} INFO - Processing /mnt/c/Users/carlo/Desktop/Cursos/cientistaDados_Lighthouse/Aulas/5desafio_V/programaLighthouse_eng_dados/airflow-data/dags/elt_dag.py took 4.174 seconds
[2023-05-04T10:42:17.486-0300] {processor.py:153} INFO - Started process (PID=683) to work on /mnt/c/Users/carlo/Desktop/Cursos/cientistaDados_Lighthouse/Aulas/5desafio_V/programaLighthouse_eng_dados/airflow-data/dags/elt_dag.py
[2023-05-04T10:42:17.494-0300] {processor.py:743} INFO - Processing file /mnt/c/Users/carlo/Desktop/Cursos/cientistaDados_Lighthouse/Aulas/5desafio_V/programaLighthouse_eng_dados/airflow-data/dags/elt_dag.py for tasks to queue
[2023-05-04T10:42:17.498-0300] {logging_mixin.py:137} INFO - [2023-05-04T10:42:17.498-0300] {dagbag.py:532} INFO - Filling up the DagBag from /mnt/c/Users/carlo/Desktop/Cursos/cientistaDados_Lighthouse/Aulas/5desafio_V/programaLighthouse_eng_dados/airflow-data/dags/elt_dag.py
[2023-05-04T10:42:32.583-0300] {processor.py:753} INFO - DAG(s) dict_keys(['NorthwindELT']) retrieved from /mnt/c/Users/carlo/Desktop/Cursos/cientistaDados_Lighthouse/Aulas/5desafio_V/programaLighthouse_eng_dados/airflow-data/dags/elt_dag.py
[2023-05-04T10:42:32.881-0300] {logging_mixin.py:137} INFO - [2023-05-04T10:42:32.880-0300] {dag.py:2705} INFO - Sync 1 DAGs
[2023-05-04T10:42:32.982-0300] {logging_mixin.py:137} INFO - [2023-05-04T10:42:32.982-0300] {dag.py:3452} INFO - Setting next_dagrun for NorthwindELT to 2023-05-04T13:12:32.981926+00:00, run_after=2023-05-04T13:42:32.981926+00:00
[2023-05-04T10:42:33.147-0300] {processor.py:175} INFO - Processing /mnt/c/Users/carlo/Desktop/Cursos/cientistaDados_Lighthouse/Aulas/5desafio_V/programaLighthouse_eng_dados/airflow-data/dags/elt_dag.py took 15.668 seconds
[2023-05-04T10:43:04.723-0300] {processor.py:153} INFO - Started process (PID=684) to work on /mnt/c/Users/carlo/Desktop/Cursos/cientistaDados_Lighthouse/Aulas/5desafio_V/programaLighthouse_eng_dados/airflow-data/dags/elt_dag.py
[2023-05-04T10:43:04.754-0300] {processor.py:743} INFO - Processing file /mnt/c/Users/carlo/Desktop/Cursos/cientistaDados_Lighthouse/Aulas/5desafio_V/programaLighthouse_eng_dados/airflow-data/dags/elt_dag.py for tasks to queue
[2023-05-04T10:43:04.762-0300] {logging_mixin.py:137} INFO - [2023-05-04T10:43:04.761-0300] {dagbag.py:532} INFO - Filling up the DagBag from /mnt/c/Users/carlo/Desktop/Cursos/cientistaDados_Lighthouse/Aulas/5desafio_V/programaLighthouse_eng_dados/airflow-data/dags/elt_dag.py
[2023-05-04T10:43:14.140-0300] {processor.py:753} INFO - DAG(s) dict_keys(['NorthwindELT']) retrieved from /mnt/c/Users/carlo/Desktop/Cursos/cientistaDados_Lighthouse/Aulas/5desafio_V/programaLighthouse_eng_dados/airflow-data/dags/elt_dag.py
[2023-05-04T10:43:14.406-0300] {logging_mixin.py:137} INFO - [2023-05-04T10:43:14.406-0300] {dag.py:2705} INFO - Sync 1 DAGs
[2023-05-04T10:43:14.503-0300] {logging_mixin.py:137} INFO - [2023-05-04T10:43:14.503-0300] {dag.py:3452} INFO - Setting next_dagrun for NorthwindELT to 2023-05-04T13:13:14.502505+00:00, run_after=2023-05-04T13:43:14.502505+00:00
[2023-05-04T10:43:14.655-0300] {processor.py:175} INFO - Processing /mnt/c/Users/carlo/Desktop/Cursos/cientistaDados_Lighthouse/Aulas/5desafio_V/programaLighthouse_eng_dados/airflow-data/dags/elt_dag.py took 9.938 seconds
[2023-05-04T10:44:30.049-0300] {processor.py:153} INFO - Started process (PID=692) to work on /mnt/c/Users/carlo/Desktop/Cursos/cientistaDados_Lighthouse/Aulas/5desafio_V/programaLighthouse_eng_dados/airflow-data/dags/elt_dag.py
[2023-05-04T10:44:30.051-0300] {processor.py:743} INFO - Processing file /mnt/c/Users/carlo/Desktop/Cursos/cientistaDados_Lighthouse/Aulas/5desafio_V/programaLighthouse_eng_dados/airflow-data/dags/elt_dag.py for tasks to queue
[2023-05-04T10:44:30.052-0300] {logging_mixin.py:137} INFO - [2023-05-04T10:44:30.051-0300] {dagbag.py:532} INFO - Filling up the DagBag from /mnt/c/Users/carlo/Desktop/Cursos/cientistaDados_Lighthouse/Aulas/5desafio_V/programaLighthouse_eng_dados/airflow-data/dags/elt_dag.py
[2023-05-04T10:44:38.156-0300] {processor.py:753} INFO - DAG(s) dict_keys(['NorthwindELT']) retrieved from /mnt/c/Users/carlo/Desktop/Cursos/cientistaDados_Lighthouse/Aulas/5desafio_V/programaLighthouse_eng_dados/airflow-data/dags/elt_dag.py
[2023-05-04T10:44:38.410-0300] {logging_mixin.py:137} INFO - [2023-05-04T10:44:38.410-0300] {dag.py:2705} INFO - Sync 1 DAGs
[2023-05-04T10:44:38.457-0300] {logging_mixin.py:137} INFO - [2023-05-04T10:44:38.457-0300] {dag.py:3452} INFO - Setting next_dagrun for NorthwindELT to 2023-05-04T13:43:14.502505+00:00, run_after=2023-05-04T14:13:14.502505+00:00
[2023-05-04T10:44:38.568-0300] {processor.py:175} INFO - Processing /mnt/c/Users/carlo/Desktop/Cursos/cientistaDados_Lighthouse/Aulas/5desafio_V/programaLighthouse_eng_dados/airflow-data/dags/elt_dag.py took 8.522 seconds
[2023-05-04T10:46:29.342-0300] {processor.py:153} INFO - Started process (PID=707) to work on /mnt/c/Users/carlo/Desktop/Cursos/cientistaDados_Lighthouse/Aulas/5desafio_V/programaLighthouse_eng_dados/airflow-data/dags/elt_dag.py
[2023-05-04T10:46:29.344-0300] {processor.py:743} INFO - Processing file /mnt/c/Users/carlo/Desktop/Cursos/cientistaDados_Lighthouse/Aulas/5desafio_V/programaLighthouse_eng_dados/airflow-data/dags/elt_dag.py for tasks to queue
[2023-05-04T10:46:29.346-0300] {logging_mixin.py:137} INFO - [2023-05-04T10:46:29.346-0300] {dagbag.py:532} INFO - Filling up the DagBag from /mnt/c/Users/carlo/Desktop/Cursos/cientistaDados_Lighthouse/Aulas/5desafio_V/programaLighthouse_eng_dados/airflow-data/dags/elt_dag.py
[2023-05-04T10:46:32.850-0300] {processor.py:753} INFO - DAG(s) dict_keys(['NorthwindELT']) retrieved from /mnt/c/Users/carlo/Desktop/Cursos/cientistaDados_Lighthouse/Aulas/5desafio_V/programaLighthouse_eng_dados/airflow-data/dags/elt_dag.py
[2023-05-04T10:46:33.049-0300] {logging_mixin.py:137} INFO - [2023-05-04T10:46:33.049-0300] {dag.py:2705} INFO - Sync 1 DAGs
[2023-05-04T10:46:33.101-0300] {logging_mixin.py:137} INFO - [2023-05-04T10:46:33.101-0300] {dag.py:3452} INFO - Setting next_dagrun for NorthwindELT to 2023-05-04T13:43:14.502505+00:00, run_after=2023-05-04T14:13:14.502505+00:00
[2023-05-04T10:46:33.184-0300] {processor.py:175} INFO - Processing /mnt/c/Users/carlo/Desktop/Cursos/cientistaDados_Lighthouse/Aulas/5desafio_V/programaLighthouse_eng_dados/airflow-data/dags/elt_dag.py took 3.848 seconds
[2023-05-04T10:47:10.424-0300] {processor.py:153} INFO - Started process (PID=714) to work on /mnt/c/Users/carlo/Desktop/Cursos/cientistaDados_Lighthouse/Aulas/5desafio_V/programaLighthouse_eng_dados/airflow-data/dags/elt_dag.py
[2023-05-04T10:47:10.449-0300] {processor.py:743} INFO - Processing file /mnt/c/Users/carlo/Desktop/Cursos/cientistaDados_Lighthouse/Aulas/5desafio_V/programaLighthouse_eng_dados/airflow-data/dags/elt_dag.py for tasks to queue
[2023-05-04T10:47:10.553-0300] {logging_mixin.py:137} INFO - [2023-05-04T10:47:10.553-0300] {dagbag.py:532} INFO - Filling up the DagBag from /mnt/c/Users/carlo/Desktop/Cursos/cientistaDados_Lighthouse/Aulas/5desafio_V/programaLighthouse_eng_dados/airflow-data/dags/elt_dag.py
[2023-05-04T10:47:16.890-0300] {processor.py:753} INFO - DAG(s) dict_keys(['NorthwindELT']) retrieved from /mnt/c/Users/carlo/Desktop/Cursos/cientistaDados_Lighthouse/Aulas/5desafio_V/programaLighthouse_eng_dados/airflow-data/dags/elt_dag.py
[2023-05-04T10:47:17.081-0300] {logging_mixin.py:137} INFO - [2023-05-04T10:47:17.081-0300] {dag.py:2705} INFO - Sync 1 DAGs
[2023-05-04T10:47:17.110-0300] {logging_mixin.py:137} INFO - [2023-05-04T10:47:17.109-0300] {dag.py:3452} INFO - Setting next_dagrun for NorthwindELT to 2023-05-04T13:43:14.502505+00:00, run_after=2023-05-04T14:13:14.502505+00:00
[2023-05-04T10:47:17.202-0300] {processor.py:175} INFO - Processing /mnt/c/Users/carlo/Desktop/Cursos/cientistaDados_Lighthouse/Aulas/5desafio_V/programaLighthouse_eng_dados/airflow-data/dags/elt_dag.py took 6.784 seconds
[2023-05-04T10:47:48.579-0300] {processor.py:153} INFO - Started process (PID=722) to work on /mnt/c/Users/carlo/Desktop/Cursos/cientistaDados_Lighthouse/Aulas/5desafio_V/programaLighthouse_eng_dados/airflow-data/dags/elt_dag.py
[2023-05-04T10:47:48.581-0300] {processor.py:743} INFO - Processing file /mnt/c/Users/carlo/Desktop/Cursos/cientistaDados_Lighthouse/Aulas/5desafio_V/programaLighthouse_eng_dados/airflow-data/dags/elt_dag.py for tasks to queue
[2023-05-04T10:47:48.582-0300] {logging_mixin.py:137} INFO - [2023-05-04T10:47:48.582-0300] {dagbag.py:532} INFO - Filling up the DagBag from /mnt/c/Users/carlo/Desktop/Cursos/cientistaDados_Lighthouse/Aulas/5desafio_V/programaLighthouse_eng_dados/airflow-data/dags/elt_dag.py
[2023-05-04T10:47:54.517-0300] {processor.py:753} INFO - DAG(s) dict_keys(['NorthwindELT']) retrieved from /mnt/c/Users/carlo/Desktop/Cursos/cientistaDados_Lighthouse/Aulas/5desafio_V/programaLighthouse_eng_dados/airflow-data/dags/elt_dag.py
[2023-05-04T10:47:54.802-0300] {logging_mixin.py:137} INFO - [2023-05-04T10:47:54.802-0300] {dag.py:2705} INFO - Sync 1 DAGs
[2023-05-04T10:47:54.852-0300] {logging_mixin.py:137} INFO - [2023-05-04T10:47:54.852-0300] {dag.py:3452} INFO - Setting next_dagrun for NorthwindELT to 2023-05-04T13:43:14.502505+00:00, run_after=2023-05-04T14:13:14.502505+00:00
[2023-05-04T10:47:54.969-0300] {processor.py:175} INFO - Processing /mnt/c/Users/carlo/Desktop/Cursos/cientistaDados_Lighthouse/Aulas/5desafio_V/programaLighthouse_eng_dados/airflow-data/dags/elt_dag.py took 6.394 seconds
[2023-05-04T10:48:25.362-0300] {processor.py:153} INFO - Started process (PID=724) to work on /mnt/c/Users/carlo/Desktop/Cursos/cientistaDados_Lighthouse/Aulas/5desafio_V/programaLighthouse_eng_dados/airflow-data/dags/elt_dag.py
[2023-05-04T10:48:25.364-0300] {processor.py:743} INFO - Processing file /mnt/c/Users/carlo/Desktop/Cursos/cientistaDados_Lighthouse/Aulas/5desafio_V/programaLighthouse_eng_dados/airflow-data/dags/elt_dag.py for tasks to queue
[2023-05-04T10:48:25.365-0300] {logging_mixin.py:137} INFO - [2023-05-04T10:48:25.365-0300] {dagbag.py:532} INFO - Filling up the DagBag from /mnt/c/Users/carlo/Desktop/Cursos/cientistaDados_Lighthouse/Aulas/5desafio_V/programaLighthouse_eng_dados/airflow-data/dags/elt_dag.py
[2023-05-04T10:48:28.336-0300] {processor.py:753} INFO - DAG(s) dict_keys(['NorthwindELT']) retrieved from /mnt/c/Users/carlo/Desktop/Cursos/cientistaDados_Lighthouse/Aulas/5desafio_V/programaLighthouse_eng_dados/airflow-data/dags/elt_dag.py
[2023-05-04T10:48:28.469-0300] {logging_mixin.py:137} INFO - [2023-05-04T10:48:28.469-0300] {dag.py:2705} INFO - Sync 1 DAGs
[2023-05-04T10:48:28.493-0300] {logging_mixin.py:137} INFO - [2023-05-04T10:48:28.493-0300] {dag.py:3452} INFO - Setting next_dagrun for NorthwindELT to 2023-05-04T13:43:14.502505+00:00, run_after=2023-05-04T14:13:14.502505+00:00
[2023-05-04T10:48:28.557-0300] {processor.py:175} INFO - Processing /mnt/c/Users/carlo/Desktop/Cursos/cientistaDados_Lighthouse/Aulas/5desafio_V/programaLighthouse_eng_dados/airflow-data/dags/elt_dag.py took 3.198 seconds
[2023-05-04T10:48:58.794-0300] {processor.py:153} INFO - Started process (PID=725) to work on /mnt/c/Users/carlo/Desktop/Cursos/cientistaDados_Lighthouse/Aulas/5desafio_V/programaLighthouse_eng_dados/airflow-data/dags/elt_dag.py
[2023-05-04T10:48:58.795-0300] {processor.py:743} INFO - Processing file /mnt/c/Users/carlo/Desktop/Cursos/cientistaDados_Lighthouse/Aulas/5desafio_V/programaLighthouse_eng_dados/airflow-data/dags/elt_dag.py for tasks to queue
[2023-05-04T10:48:58.796-0300] {logging_mixin.py:137} INFO - [2023-05-04T10:48:58.796-0300] {dagbag.py:532} INFO - Filling up the DagBag from /mnt/c/Users/carlo/Desktop/Cursos/cientistaDados_Lighthouse/Aulas/5desafio_V/programaLighthouse_eng_dados/airflow-data/dags/elt_dag.py
[2023-05-04T10:49:02.217-0300] {processor.py:753} INFO - DAG(s) dict_keys(['NorthwindELT']) retrieved from /mnt/c/Users/carlo/Desktop/Cursos/cientistaDados_Lighthouse/Aulas/5desafio_V/programaLighthouse_eng_dados/airflow-data/dags/elt_dag.py
[2023-05-04T10:49:02.369-0300] {logging_mixin.py:137} INFO - [2023-05-04T10:49:02.369-0300] {dag.py:2705} INFO - Sync 1 DAGs
[2023-05-04T10:49:02.396-0300] {logging_mixin.py:137} INFO - [2023-05-04T10:49:02.396-0300] {dag.py:3452} INFO - Setting next_dagrun for NorthwindELT to 2023-05-04T13:43:14.502505+00:00, run_after=2023-05-04T14:13:14.502505+00:00
[2023-05-04T10:49:02.468-0300] {processor.py:175} INFO - Processing /mnt/c/Users/carlo/Desktop/Cursos/cientistaDados_Lighthouse/Aulas/5desafio_V/programaLighthouse_eng_dados/airflow-data/dags/elt_dag.py took 3.678 seconds
[2023-05-04T10:49:33.168-0300] {processor.py:153} INFO - Started process (PID=727) to work on /mnt/c/Users/carlo/Desktop/Cursos/cientistaDados_Lighthouse/Aulas/5desafio_V/programaLighthouse_eng_dados/airflow-data/dags/elt_dag.py
[2023-05-04T10:49:33.169-0300] {processor.py:743} INFO - Processing file /mnt/c/Users/carlo/Desktop/Cursos/cientistaDados_Lighthouse/Aulas/5desafio_V/programaLighthouse_eng_dados/airflow-data/dags/elt_dag.py for tasks to queue
[2023-05-04T10:49:33.170-0300] {logging_mixin.py:137} INFO - [2023-05-04T10:49:33.170-0300] {dagbag.py:532} INFO - Filling up the DagBag from /mnt/c/Users/carlo/Desktop/Cursos/cientistaDados_Lighthouse/Aulas/5desafio_V/programaLighthouse_eng_dados/airflow-data/dags/elt_dag.py
[2023-05-04T10:49:36.501-0300] {processor.py:753} INFO - DAG(s) dict_keys(['NorthwindELT']) retrieved from /mnt/c/Users/carlo/Desktop/Cursos/cientistaDados_Lighthouse/Aulas/5desafio_V/programaLighthouse_eng_dados/airflow-data/dags/elt_dag.py
[2023-05-04T10:49:36.674-0300] {logging_mixin.py:137} INFO - [2023-05-04T10:49:36.674-0300] {dag.py:2705} INFO - Sync 1 DAGs
[2023-05-04T10:49:36.703-0300] {logging_mixin.py:137} INFO - [2023-05-04T10:49:36.703-0300] {dag.py:3452} INFO - Setting next_dagrun for NorthwindELT to 2023-05-04T13:43:14.502505+00:00, run_after=2023-05-04T14:13:14.502505+00:00
[2023-05-04T10:49:36.779-0300] {processor.py:175} INFO - Processing /mnt/c/Users/carlo/Desktop/Cursos/cientistaDados_Lighthouse/Aulas/5desafio_V/programaLighthouse_eng_dados/airflow-data/dags/elt_dag.py took 3.614 seconds
[2023-05-04T10:50:07.474-0300] {processor.py:153} INFO - Started process (PID=728) to work on /mnt/c/Users/carlo/Desktop/Cursos/cientistaDados_Lighthouse/Aulas/5desafio_V/programaLighthouse_eng_dados/airflow-data/dags/elt_dag.py
[2023-05-04T10:50:07.476-0300] {processor.py:743} INFO - Processing file /mnt/c/Users/carlo/Desktop/Cursos/cientistaDados_Lighthouse/Aulas/5desafio_V/programaLighthouse_eng_dados/airflow-data/dags/elt_dag.py for tasks to queue
[2023-05-04T10:50:07.478-0300] {logging_mixin.py:137} INFO - [2023-05-04T10:50:07.477-0300] {dagbag.py:532} INFO - Filling up the DagBag from /mnt/c/Users/carlo/Desktop/Cursos/cientistaDados_Lighthouse/Aulas/5desafio_V/programaLighthouse_eng_dados/airflow-data/dags/elt_dag.py
[2023-05-04T10:50:10.750-0300] {processor.py:753} INFO - DAG(s) dict_keys(['NorthwindELT']) retrieved from /mnt/c/Users/carlo/Desktop/Cursos/cientistaDados_Lighthouse/Aulas/5desafio_V/programaLighthouse_eng_dados/airflow-data/dags/elt_dag.py
[2023-05-04T10:50:10.951-0300] {logging_mixin.py:137} INFO - [2023-05-04T10:50:10.951-0300] {dag.py:2705} INFO - Sync 1 DAGs
[2023-05-04T10:50:10.976-0300] {logging_mixin.py:137} INFO - [2023-05-04T10:50:10.976-0300] {dag.py:3452} INFO - Setting next_dagrun for NorthwindELT to 2023-05-04T13:43:14.502505+00:00, run_after=2023-05-04T14:13:14.502505+00:00
[2023-05-04T10:50:11.045-0300] {processor.py:175} INFO - Processing /mnt/c/Users/carlo/Desktop/Cursos/cientistaDados_Lighthouse/Aulas/5desafio_V/programaLighthouse_eng_dados/airflow-data/dags/elt_dag.py took 3.575 seconds
[2023-05-04T10:50:41.283-0300] {processor.py:153} INFO - Started process (PID=730) to work on /mnt/c/Users/carlo/Desktop/Cursos/cientistaDados_Lighthouse/Aulas/5desafio_V/programaLighthouse_eng_dados/airflow-data/dags/elt_dag.py
[2023-05-04T10:50:41.284-0300] {processor.py:743} INFO - Processing file /mnt/c/Users/carlo/Desktop/Cursos/cientistaDados_Lighthouse/Aulas/5desafio_V/programaLighthouse_eng_dados/airflow-data/dags/elt_dag.py for tasks to queue
[2023-05-04T10:50:41.285-0300] {logging_mixin.py:137} INFO - [2023-05-04T10:50:41.285-0300] {dagbag.py:532} INFO - Filling up the DagBag from /mnt/c/Users/carlo/Desktop/Cursos/cientistaDados_Lighthouse/Aulas/5desafio_V/programaLighthouse_eng_dados/airflow-data/dags/elt_dag.py
[2023-05-04T10:50:44.522-0300] {processor.py:753} INFO - DAG(s) dict_keys(['NorthwindELT']) retrieved from /mnt/c/Users/carlo/Desktop/Cursos/cientistaDados_Lighthouse/Aulas/5desafio_V/programaLighthouse_eng_dados/airflow-data/dags/elt_dag.py
[2023-05-04T10:50:44.685-0300] {logging_mixin.py:137} INFO - [2023-05-04T10:50:44.685-0300] {dag.py:2705} INFO - Sync 1 DAGs
[2023-05-04T10:50:44.718-0300] {logging_mixin.py:137} INFO - [2023-05-04T10:50:44.718-0300] {dag.py:3452} INFO - Setting next_dagrun for NorthwindELT to 2023-05-04T13:43:14.502505+00:00, run_after=2023-05-04T14:13:14.502505+00:00
[2023-05-04T10:50:44.798-0300] {processor.py:175} INFO - Processing /mnt/c/Users/carlo/Desktop/Cursos/cientistaDados_Lighthouse/Aulas/5desafio_V/programaLighthouse_eng_dados/airflow-data/dags/elt_dag.py took 3.519 seconds
[2023-05-04T10:51:15.247-0300] {processor.py:153} INFO - Started process (PID=732) to work on /mnt/c/Users/carlo/Desktop/Cursos/cientistaDados_Lighthouse/Aulas/5desafio_V/programaLighthouse_eng_dados/airflow-data/dags/elt_dag.py
[2023-05-04T10:51:15.248-0300] {processor.py:743} INFO - Processing file /mnt/c/Users/carlo/Desktop/Cursos/cientistaDados_Lighthouse/Aulas/5desafio_V/programaLighthouse_eng_dados/airflow-data/dags/elt_dag.py for tasks to queue
[2023-05-04T10:51:15.249-0300] {logging_mixin.py:137} INFO - [2023-05-04T10:51:15.249-0300] {dagbag.py:532} INFO - Filling up the DagBag from /mnt/c/Users/carlo/Desktop/Cursos/cientistaDados_Lighthouse/Aulas/5desafio_V/programaLighthouse_eng_dados/airflow-data/dags/elt_dag.py
[2023-05-04T10:51:18.217-0300] {processor.py:753} INFO - DAG(s) dict_keys(['NorthwindELT']) retrieved from /mnt/c/Users/carlo/Desktop/Cursos/cientistaDados_Lighthouse/Aulas/5desafio_V/programaLighthouse_eng_dados/airflow-data/dags/elt_dag.py
[2023-05-04T10:51:18.349-0300] {logging_mixin.py:137} INFO - [2023-05-04T10:51:18.349-0300] {dag.py:2705} INFO - Sync 1 DAGs
[2023-05-04T10:51:18.377-0300] {logging_mixin.py:137} INFO - [2023-05-04T10:51:18.376-0300] {dag.py:3452} INFO - Setting next_dagrun for NorthwindELT to 2023-05-04T13:43:14.502505+00:00, run_after=2023-05-04T14:13:14.502505+00:00
[2023-05-04T10:51:18.439-0300] {processor.py:175} INFO - Processing /mnt/c/Users/carlo/Desktop/Cursos/cientistaDados_Lighthouse/Aulas/5desafio_V/programaLighthouse_eng_dados/airflow-data/dags/elt_dag.py took 3.196 seconds
[2023-05-04T10:51:48.588-0300] {processor.py:153} INFO - Started process (PID=733) to work on /mnt/c/Users/carlo/Desktop/Cursos/cientistaDados_Lighthouse/Aulas/5desafio_V/programaLighthouse_eng_dados/airflow-data/dags/elt_dag.py
[2023-05-04T10:51:48.589-0300] {processor.py:743} INFO - Processing file /mnt/c/Users/carlo/Desktop/Cursos/cientistaDados_Lighthouse/Aulas/5desafio_V/programaLighthouse_eng_dados/airflow-data/dags/elt_dag.py for tasks to queue
[2023-05-04T10:51:48.590-0300] {logging_mixin.py:137} INFO - [2023-05-04T10:51:48.590-0300] {dagbag.py:532} INFO - Filling up the DagBag from /mnt/c/Users/carlo/Desktop/Cursos/cientistaDados_Lighthouse/Aulas/5desafio_V/programaLighthouse_eng_dados/airflow-data/dags/elt_dag.py
[2023-05-04T10:51:51.968-0300] {processor.py:753} INFO - DAG(s) dict_keys(['NorthwindELT']) retrieved from /mnt/c/Users/carlo/Desktop/Cursos/cientistaDados_Lighthouse/Aulas/5desafio_V/programaLighthouse_eng_dados/airflow-data/dags/elt_dag.py
[2023-05-04T10:51:52.155-0300] {logging_mixin.py:137} INFO - [2023-05-04T10:51:52.155-0300] {dag.py:2705} INFO - Sync 1 DAGs
[2023-05-04T10:51:52.195-0300] {logging_mixin.py:137} INFO - [2023-05-04T10:51:52.194-0300] {dag.py:3452} INFO - Setting next_dagrun for NorthwindELT to 2023-05-04T13:43:14.502505+00:00, run_after=2023-05-04T14:13:14.502505+00:00
[2023-05-04T10:51:52.309-0300] {processor.py:175} INFO - Processing /mnt/c/Users/carlo/Desktop/Cursos/cientistaDados_Lighthouse/Aulas/5desafio_V/programaLighthouse_eng_dados/airflow-data/dags/elt_dag.py took 3.724 seconds
[2023-05-04T10:52:22.545-0300] {processor.py:153} INFO - Started process (PID=735) to work on /mnt/c/Users/carlo/Desktop/Cursos/cientistaDados_Lighthouse/Aulas/5desafio_V/programaLighthouse_eng_dados/airflow-data/dags/elt_dag.py
[2023-05-04T10:52:22.546-0300] {processor.py:743} INFO - Processing file /mnt/c/Users/carlo/Desktop/Cursos/cientistaDados_Lighthouse/Aulas/5desafio_V/programaLighthouse_eng_dados/airflow-data/dags/elt_dag.py for tasks to queue
[2023-05-04T10:52:22.547-0300] {logging_mixin.py:137} INFO - [2023-05-04T10:52:22.547-0300] {dagbag.py:532} INFO - Filling up the DagBag from /mnt/c/Users/carlo/Desktop/Cursos/cientistaDados_Lighthouse/Aulas/5desafio_V/programaLighthouse_eng_dados/airflow-data/dags/elt_dag.py
[2023-05-04T10:52:25.861-0300] {processor.py:753} INFO - DAG(s) dict_keys(['NorthwindELT']) retrieved from /mnt/c/Users/carlo/Desktop/Cursos/cientistaDados_Lighthouse/Aulas/5desafio_V/programaLighthouse_eng_dados/airflow-data/dags/elt_dag.py
[2023-05-04T10:52:26.034-0300] {logging_mixin.py:137} INFO - [2023-05-04T10:52:26.033-0300] {dag.py:2705} INFO - Sync 1 DAGs
[2023-05-04T10:52:26.068-0300] {logging_mixin.py:137} INFO - [2023-05-04T10:52:26.067-0300] {dag.py:3452} INFO - Setting next_dagrun for NorthwindELT to 2023-05-04T13:43:14.502505+00:00, run_after=2023-05-04T14:13:14.502505+00:00
[2023-05-04T10:52:26.185-0300] {processor.py:175} INFO - Processing /mnt/c/Users/carlo/Desktop/Cursos/cientistaDados_Lighthouse/Aulas/5desafio_V/programaLighthouse_eng_dados/airflow-data/dags/elt_dag.py took 3.644 seconds
[2023-05-04T10:53:14.558-0300] {processor.py:153} INFO - Started process (PID=743) to work on /mnt/c/Users/carlo/Desktop/Cursos/cientistaDados_Lighthouse/Aulas/5desafio_V/programaLighthouse_eng_dados/airflow-data/dags/elt_dag.py
[2023-05-04T10:53:14.559-0300] {processor.py:743} INFO - Processing file /mnt/c/Users/carlo/Desktop/Cursos/cientistaDados_Lighthouse/Aulas/5desafio_V/programaLighthouse_eng_dados/airflow-data/dags/elt_dag.py for tasks to queue
[2023-05-04T10:53:14.560-0300] {logging_mixin.py:137} INFO - [2023-05-04T10:53:14.560-0300] {dagbag.py:532} INFO - Filling up the DagBag from /mnt/c/Users/carlo/Desktop/Cursos/cientistaDados_Lighthouse/Aulas/5desafio_V/programaLighthouse_eng_dados/airflow-data/dags/elt_dag.py
[2023-05-04T10:53:20.090-0300] {processor.py:753} INFO - DAG(s) dict_keys(['NorthwindELT']) retrieved from /mnt/c/Users/carlo/Desktop/Cursos/cientistaDados_Lighthouse/Aulas/5desafio_V/programaLighthouse_eng_dados/airflow-data/dags/elt_dag.py
[2023-05-04T10:53:20.264-0300] {logging_mixin.py:137} INFO - [2023-05-04T10:53:20.264-0300] {dag.py:2705} INFO - Sync 1 DAGs
[2023-05-04T10:53:20.299-0300] {logging_mixin.py:137} INFO - [2023-05-04T10:53:20.299-0300] {dag.py:3452} INFO - Setting next_dagrun for NorthwindELT to 2023-05-04T13:43:14.502505+00:00, run_after=2023-05-04T14:13:14.502505+00:00
[2023-05-04T10:53:20.379-0300] {processor.py:175} INFO - Processing /mnt/c/Users/carlo/Desktop/Cursos/cientistaDados_Lighthouse/Aulas/5desafio_V/programaLighthouse_eng_dados/airflow-data/dags/elt_dag.py took 5.825 seconds
[2023-05-04T10:53:50.999-0300] {processor.py:153} INFO - Started process (PID=744) to work on /mnt/c/Users/carlo/Desktop/Cursos/cientistaDados_Lighthouse/Aulas/5desafio_V/programaLighthouse_eng_dados/airflow-data/dags/elt_dag.py
[2023-05-04T10:53:51.001-0300] {processor.py:743} INFO - Processing file /mnt/c/Users/carlo/Desktop/Cursos/cientistaDados_Lighthouse/Aulas/5desafio_V/programaLighthouse_eng_dados/airflow-data/dags/elt_dag.py for tasks to queue
[2023-05-04T10:53:51.002-0300] {logging_mixin.py:137} INFO - [2023-05-04T10:53:51.002-0300] {dagbag.py:532} INFO - Filling up the DagBag from /mnt/c/Users/carlo/Desktop/Cursos/cientistaDados_Lighthouse/Aulas/5desafio_V/programaLighthouse_eng_dados/airflow-data/dags/elt_dag.py
[2023-05-04T10:53:53.897-0300] {processor.py:753} INFO - DAG(s) dict_keys(['NorthwindELT']) retrieved from /mnt/c/Users/carlo/Desktop/Cursos/cientistaDados_Lighthouse/Aulas/5desafio_V/programaLighthouse_eng_dados/airflow-data/dags/elt_dag.py
[2023-05-04T10:53:54.078-0300] {logging_mixin.py:137} INFO - [2023-05-04T10:53:54.077-0300] {dag.py:2705} INFO - Sync 1 DAGs
[2023-05-04T10:53:54.112-0300] {logging_mixin.py:137} INFO - [2023-05-04T10:53:54.112-0300] {dag.py:3452} INFO - Setting next_dagrun for NorthwindELT to 2023-05-04T13:43:14.502505+00:00, run_after=2023-05-04T14:13:14.502505+00:00
[2023-05-04T10:53:54.227-0300] {processor.py:175} INFO - Processing /mnt/c/Users/carlo/Desktop/Cursos/cientistaDados_Lighthouse/Aulas/5desafio_V/programaLighthouse_eng_dados/airflow-data/dags/elt_dag.py took 3.231 seconds
[2023-05-04T10:54:24.925-0300] {processor.py:153} INFO - Started process (PID=746) to work on /mnt/c/Users/carlo/Desktop/Cursos/cientistaDados_Lighthouse/Aulas/5desafio_V/programaLighthouse_eng_dados/airflow-data/dags/elt_dag.py
[2023-05-04T10:54:24.927-0300] {processor.py:743} INFO - Processing file /mnt/c/Users/carlo/Desktop/Cursos/cientistaDados_Lighthouse/Aulas/5desafio_V/programaLighthouse_eng_dados/airflow-data/dags/elt_dag.py for tasks to queue
[2023-05-04T10:54:24.929-0300] {logging_mixin.py:137} INFO - [2023-05-04T10:54:24.929-0300] {dagbag.py:532} INFO - Filling up the DagBag from /mnt/c/Users/carlo/Desktop/Cursos/cientistaDados_Lighthouse/Aulas/5desafio_V/programaLighthouse_eng_dados/airflow-data/dags/elt_dag.py
[2023-05-04T10:54:28.739-0300] {processor.py:753} INFO - DAG(s) dict_keys(['NorthwindELT']) retrieved from /mnt/c/Users/carlo/Desktop/Cursos/cientistaDados_Lighthouse/Aulas/5desafio_V/programaLighthouse_eng_dados/airflow-data/dags/elt_dag.py
[2023-05-04T10:54:28.907-0300] {logging_mixin.py:137} INFO - [2023-05-04T10:54:28.906-0300] {dag.py:2705} INFO - Sync 1 DAGs
[2023-05-04T10:54:28.938-0300] {logging_mixin.py:137} INFO - [2023-05-04T10:54:28.938-0300] {dag.py:3452} INFO - Setting next_dagrun for NorthwindELT to 2023-05-04T13:43:14.502505+00:00, run_after=2023-05-04T14:13:14.502505+00:00
[2023-05-04T10:54:29.016-0300] {processor.py:175} INFO - Processing /mnt/c/Users/carlo/Desktop/Cursos/cientistaDados_Lighthouse/Aulas/5desafio_V/programaLighthouse_eng_dados/airflow-data/dags/elt_dag.py took 4.097 seconds
[2023-05-04T10:54:59.386-0300] {processor.py:153} INFO - Started process (PID=748) to work on /mnt/c/Users/carlo/Desktop/Cursos/cientistaDados_Lighthouse/Aulas/5desafio_V/programaLighthouse_eng_dados/airflow-data/dags/elt_dag.py
[2023-05-04T10:54:59.387-0300] {processor.py:743} INFO - Processing file /mnt/c/Users/carlo/Desktop/Cursos/cientistaDados_Lighthouse/Aulas/5desafio_V/programaLighthouse_eng_dados/airflow-data/dags/elt_dag.py for tasks to queue
[2023-05-04T10:54:59.389-0300] {logging_mixin.py:137} INFO - [2023-05-04T10:54:59.389-0300] {dagbag.py:532} INFO - Filling up the DagBag from /mnt/c/Users/carlo/Desktop/Cursos/cientistaDados_Lighthouse/Aulas/5desafio_V/programaLighthouse_eng_dados/airflow-data/dags/elt_dag.py
[2023-05-04T10:55:03.567-0300] {processor.py:753} INFO - DAG(s) dict_keys(['NorthwindELT']) retrieved from /mnt/c/Users/carlo/Desktop/Cursos/cientistaDados_Lighthouse/Aulas/5desafio_V/programaLighthouse_eng_dados/airflow-data/dags/elt_dag.py
[2023-05-04T10:55:03.797-0300] {logging_mixin.py:137} INFO - [2023-05-04T10:55:03.797-0300] {dag.py:2705} INFO - Sync 1 DAGs
[2023-05-04T10:55:03.837-0300] {logging_mixin.py:137} INFO - [2023-05-04T10:55:03.836-0300] {dag.py:3452} INFO - Setting next_dagrun for NorthwindELT to 2023-05-04T13:43:14.502505+00:00, run_after=2023-05-04T14:13:14.502505+00:00
[2023-05-04T10:55:03.925-0300] {processor.py:175} INFO - Processing /mnt/c/Users/carlo/Desktop/Cursos/cientistaDados_Lighthouse/Aulas/5desafio_V/programaLighthouse_eng_dados/airflow-data/dags/elt_dag.py took 4.543 seconds
[2023-05-04T10:55:34.337-0300] {processor.py:153} INFO - Started process (PID=750) to work on /mnt/c/Users/carlo/Desktop/Cursos/cientistaDados_Lighthouse/Aulas/5desafio_V/programaLighthouse_eng_dados/airflow-data/dags/elt_dag.py
[2023-05-04T10:55:34.340-0300] {processor.py:743} INFO - Processing file /mnt/c/Users/carlo/Desktop/Cursos/cientistaDados_Lighthouse/Aulas/5desafio_V/programaLighthouse_eng_dados/airflow-data/dags/elt_dag.py for tasks to queue
[2023-05-04T10:55:34.341-0300] {logging_mixin.py:137} INFO - [2023-05-04T10:55:34.341-0300] {dagbag.py:532} INFO - Filling up the DagBag from /mnt/c/Users/carlo/Desktop/Cursos/cientistaDados_Lighthouse/Aulas/5desafio_V/programaLighthouse_eng_dados/airflow-data/dags/elt_dag.py
[2023-05-04T10:55:37.990-0300] {processor.py:753} INFO - DAG(s) dict_keys(['NorthwindELT']) retrieved from /mnt/c/Users/carlo/Desktop/Cursos/cientistaDados_Lighthouse/Aulas/5desafio_V/programaLighthouse_eng_dados/airflow-data/dags/elt_dag.py
[2023-05-04T10:55:38.168-0300] {logging_mixin.py:137} INFO - [2023-05-04T10:55:38.168-0300] {dag.py:2705} INFO - Sync 1 DAGs
[2023-05-04T10:55:38.197-0300] {logging_mixin.py:137} INFO - [2023-05-04T10:55:38.197-0300] {dag.py:3452} INFO - Setting next_dagrun for NorthwindELT to 2023-05-04T13:43:14.502505+00:00, run_after=2023-05-04T14:13:14.502505+00:00
[2023-05-04T10:55:38.276-0300] {processor.py:175} INFO - Processing /mnt/c/Users/carlo/Desktop/Cursos/cientistaDados_Lighthouse/Aulas/5desafio_V/programaLighthouse_eng_dados/airflow-data/dags/elt_dag.py took 3.942 seconds
[2023-05-04T10:56:08.625-0300] {processor.py:153} INFO - Started process (PID=751) to work on /mnt/c/Users/carlo/Desktop/Cursos/cientistaDados_Lighthouse/Aulas/5desafio_V/programaLighthouse_eng_dados/airflow-data/dags/elt_dag.py
[2023-05-04T10:56:08.626-0300] {processor.py:743} INFO - Processing file /mnt/c/Users/carlo/Desktop/Cursos/cientistaDados_Lighthouse/Aulas/5desafio_V/programaLighthouse_eng_dados/airflow-data/dags/elt_dag.py for tasks to queue
[2023-05-04T10:56:08.627-0300] {logging_mixin.py:137} INFO - [2023-05-04T10:56:08.627-0300] {dagbag.py:532} INFO - Filling up the DagBag from /mnt/c/Users/carlo/Desktop/Cursos/cientistaDados_Lighthouse/Aulas/5desafio_V/programaLighthouse_eng_dados/airflow-data/dags/elt_dag.py
[2023-05-04T10:56:12.313-0300] {processor.py:753} INFO - DAG(s) dict_keys(['NorthwindELT']) retrieved from /mnt/c/Users/carlo/Desktop/Cursos/cientistaDados_Lighthouse/Aulas/5desafio_V/programaLighthouse_eng_dados/airflow-data/dags/elt_dag.py
[2023-05-04T10:56:12.636-0300] {logging_mixin.py:137} INFO - [2023-05-04T10:56:12.636-0300] {dag.py:2705} INFO - Sync 1 DAGs
[2023-05-04T10:56:12.731-0300] {logging_mixin.py:137} INFO - [2023-05-04T10:56:12.731-0300] {dag.py:3452} INFO - Setting next_dagrun for NorthwindELT to 2023-05-04T13:43:14.502505+00:00, run_after=2023-05-04T14:13:14.502505+00:00
[2023-05-04T10:56:12.880-0300] {processor.py:175} INFO - Processing /mnt/c/Users/carlo/Desktop/Cursos/cientistaDados_Lighthouse/Aulas/5desafio_V/programaLighthouse_eng_dados/airflow-data/dags/elt_dag.py took 4.258 seconds
[2023-05-04T10:56:43.129-0300] {processor.py:153} INFO - Started process (PID=753) to work on /mnt/c/Users/carlo/Desktop/Cursos/cientistaDados_Lighthouse/Aulas/5desafio_V/programaLighthouse_eng_dados/airflow-data/dags/elt_dag.py
[2023-05-04T10:56:43.131-0300] {processor.py:743} INFO - Processing file /mnt/c/Users/carlo/Desktop/Cursos/cientistaDados_Lighthouse/Aulas/5desafio_V/programaLighthouse_eng_dados/airflow-data/dags/elt_dag.py for tasks to queue
[2023-05-04T10:56:43.133-0300] {logging_mixin.py:137} INFO - [2023-05-04T10:56:43.133-0300] {dagbag.py:532} INFO - Filling up the DagBag from /mnt/c/Users/carlo/Desktop/Cursos/cientistaDados_Lighthouse/Aulas/5desafio_V/programaLighthouse_eng_dados/airflow-data/dags/elt_dag.py
[2023-05-04T10:56:49.379-0300] {processor.py:753} INFO - DAG(s) dict_keys(['NorthwindELT']) retrieved from /mnt/c/Users/carlo/Desktop/Cursos/cientistaDados_Lighthouse/Aulas/5desafio_V/programaLighthouse_eng_dados/airflow-data/dags/elt_dag.py
[2023-05-04T10:56:49.710-0300] {logging_mixin.py:137} INFO - [2023-05-04T10:56:49.710-0300] {dag.py:2705} INFO - Sync 1 DAGs
[2023-05-04T10:56:49.817-0300] {logging_mixin.py:137} INFO - [2023-05-04T10:56:49.808-0300] {dag.py:3452} INFO - Setting next_dagrun for NorthwindELT to 2023-05-04T13:43:14.502505+00:00, run_after=2023-05-04T14:13:14.502505+00:00
[2023-05-04T10:56:49.956-0300] {processor.py:175} INFO - Processing /mnt/c/Users/carlo/Desktop/Cursos/cientistaDados_Lighthouse/Aulas/5desafio_V/programaLighthouse_eng_dados/airflow-data/dags/elt_dag.py took 6.831 seconds
[2023-05-04T10:57:20.302-0300] {processor.py:153} INFO - Started process (PID=755) to work on /mnt/c/Users/carlo/Desktop/Cursos/cientistaDados_Lighthouse/Aulas/5desafio_V/programaLighthouse_eng_dados/airflow-data/dags/elt_dag.py
[2023-05-04T10:57:20.304-0300] {processor.py:743} INFO - Processing file /mnt/c/Users/carlo/Desktop/Cursos/cientistaDados_Lighthouse/Aulas/5desafio_V/programaLighthouse_eng_dados/airflow-data/dags/elt_dag.py for tasks to queue
[2023-05-04T10:57:20.305-0300] {logging_mixin.py:137} INFO - [2023-05-04T10:57:20.305-0300] {dagbag.py:532} INFO - Filling up the DagBag from /mnt/c/Users/carlo/Desktop/Cursos/cientistaDados_Lighthouse/Aulas/5desafio_V/programaLighthouse_eng_dados/airflow-data/dags/elt_dag.py
[2023-05-04T10:57:24.732-0300] {processor.py:753} INFO - DAG(s) dict_keys(['NorthwindELT']) retrieved from /mnt/c/Users/carlo/Desktop/Cursos/cientistaDados_Lighthouse/Aulas/5desafio_V/programaLighthouse_eng_dados/airflow-data/dags/elt_dag.py
[2023-05-04T10:57:24.916-0300] {logging_mixin.py:137} INFO - [2023-05-04T10:57:24.915-0300] {dag.py:2705} INFO - Sync 1 DAGs
[2023-05-04T10:57:24.960-0300] {logging_mixin.py:137} INFO - [2023-05-04T10:57:24.960-0300] {dag.py:3452} INFO - Setting next_dagrun for NorthwindELT to 2023-05-04T13:43:14.502505+00:00, run_after=2023-05-04T14:13:14.502505+00:00
[2023-05-04T10:57:25.045-0300] {processor.py:175} INFO - Processing /mnt/c/Users/carlo/Desktop/Cursos/cientistaDados_Lighthouse/Aulas/5desafio_V/programaLighthouse_eng_dados/airflow-data/dags/elt_dag.py took 4.747 seconds
[2023-05-04T10:57:55.748-0300] {processor.py:153} INFO - Started process (PID=756) to work on /mnt/c/Users/carlo/Desktop/Cursos/cientistaDados_Lighthouse/Aulas/5desafio_V/programaLighthouse_eng_dados/airflow-data/dags/elt_dag.py
[2023-05-04T10:57:55.750-0300] {processor.py:743} INFO - Processing file /mnt/c/Users/carlo/Desktop/Cursos/cientistaDados_Lighthouse/Aulas/5desafio_V/programaLighthouse_eng_dados/airflow-data/dags/elt_dag.py for tasks to queue
[2023-05-04T10:57:55.751-0300] {logging_mixin.py:137} INFO - [2023-05-04T10:57:55.751-0300] {dagbag.py:532} INFO - Filling up the DagBag from /mnt/c/Users/carlo/Desktop/Cursos/cientistaDados_Lighthouse/Aulas/5desafio_V/programaLighthouse_eng_dados/airflow-data/dags/elt_dag.py
[2023-05-04T10:57:59.296-0300] {processor.py:753} INFO - DAG(s) dict_keys(['NorthwindELT']) retrieved from /mnt/c/Users/carlo/Desktop/Cursos/cientistaDados_Lighthouse/Aulas/5desafio_V/programaLighthouse_eng_dados/airflow-data/dags/elt_dag.py
[2023-05-04T10:57:59.518-0300] {logging_mixin.py:137} INFO - [2023-05-04T10:57:59.518-0300] {dag.py:2705} INFO - Sync 1 DAGs
[2023-05-04T10:57:59.559-0300] {logging_mixin.py:137} INFO - [2023-05-04T10:57:59.558-0300] {dag.py:3452} INFO - Setting next_dagrun for NorthwindELT to 2023-05-04T13:43:14.502505+00:00, run_after=2023-05-04T14:13:14.502505+00:00
[2023-05-04T10:57:59.652-0300] {processor.py:175} INFO - Processing /mnt/c/Users/carlo/Desktop/Cursos/cientistaDados_Lighthouse/Aulas/5desafio_V/programaLighthouse_eng_dados/airflow-data/dags/elt_dag.py took 3.909 seconds
[2023-05-04T10:58:30.254-0300] {processor.py:153} INFO - Started process (PID=758) to work on /mnt/c/Users/carlo/Desktop/Cursos/cientistaDados_Lighthouse/Aulas/5desafio_V/programaLighthouse_eng_dados/airflow-data/dags/elt_dag.py
[2023-05-04T10:58:30.258-0300] {processor.py:743} INFO - Processing file /mnt/c/Users/carlo/Desktop/Cursos/cientistaDados_Lighthouse/Aulas/5desafio_V/programaLighthouse_eng_dados/airflow-data/dags/elt_dag.py for tasks to queue
[2023-05-04T10:58:30.268-0300] {logging_mixin.py:137} INFO - [2023-05-04T10:58:30.259-0300] {dagbag.py:532} INFO - Filling up the DagBag from /mnt/c/Users/carlo/Desktop/Cursos/cientistaDados_Lighthouse/Aulas/5desafio_V/programaLighthouse_eng_dados/airflow-data/dags/elt_dag.py
[2023-05-04T10:58:37.260-0300] {processor.py:753} INFO - DAG(s) dict_keys(['NorthwindELT']) retrieved from /mnt/c/Users/carlo/Desktop/Cursos/cientistaDados_Lighthouse/Aulas/5desafio_V/programaLighthouse_eng_dados/airflow-data/dags/elt_dag.py
[2023-05-04T10:58:37.540-0300] {logging_mixin.py:137} INFO - [2023-05-04T10:58:37.540-0300] {dag.py:2705} INFO - Sync 1 DAGs
[2023-05-04T10:58:37.639-0300] {logging_mixin.py:137} INFO - [2023-05-04T10:58:37.638-0300] {dag.py:3452} INFO - Setting next_dagrun for NorthwindELT to 2023-05-04T13:43:14.502505+00:00, run_after=2023-05-04T14:13:14.502505+00:00
[2023-05-04T10:58:37.784-0300] {processor.py:175} INFO - Processing /mnt/c/Users/carlo/Desktop/Cursos/cientistaDados_Lighthouse/Aulas/5desafio_V/programaLighthouse_eng_dados/airflow-data/dags/elt_dag.py took 7.535 seconds
[2023-05-04T10:59:08.604-0300] {processor.py:153} INFO - Started process (PID=759) to work on /mnt/c/Users/carlo/Desktop/Cursos/cientistaDados_Lighthouse/Aulas/5desafio_V/programaLighthouse_eng_dados/airflow-data/dags/elt_dag.py
[2023-05-04T10:59:08.616-0300] {processor.py:743} INFO - Processing file /mnt/c/Users/carlo/Desktop/Cursos/cientistaDados_Lighthouse/Aulas/5desafio_V/programaLighthouse_eng_dados/airflow-data/dags/elt_dag.py for tasks to queue
[2023-05-04T10:59:08.618-0300] {logging_mixin.py:137} INFO - [2023-05-04T10:59:08.618-0300] {dagbag.py:532} INFO - Filling up the DagBag from /mnt/c/Users/carlo/Desktop/Cursos/cientistaDados_Lighthouse/Aulas/5desafio_V/programaLighthouse_eng_dados/airflow-data/dags/elt_dag.py
[2023-05-04T10:59:12.331-0300] {processor.py:753} INFO - DAG(s) dict_keys(['NorthwindELT']) retrieved from /mnt/c/Users/carlo/Desktop/Cursos/cientistaDados_Lighthouse/Aulas/5desafio_V/programaLighthouse_eng_dados/airflow-data/dags/elt_dag.py
[2023-05-04T10:59:12.523-0300] {logging_mixin.py:137} INFO - [2023-05-04T10:59:12.522-0300] {dag.py:2705} INFO - Sync 1 DAGs
[2023-05-04T10:59:12.556-0300] {logging_mixin.py:137} INFO - [2023-05-04T10:59:12.556-0300] {dag.py:3452} INFO - Setting next_dagrun for NorthwindELT to 2023-05-04T13:43:14.502505+00:00, run_after=2023-05-04T14:13:14.502505+00:00
[2023-05-04T10:59:12.642-0300] {processor.py:175} INFO - Processing /mnt/c/Users/carlo/Desktop/Cursos/cientistaDados_Lighthouse/Aulas/5desafio_V/programaLighthouse_eng_dados/airflow-data/dags/elt_dag.py took 4.044 seconds
[2023-05-04T10:59:42.901-0300] {processor.py:153} INFO - Started process (PID=761) to work on /mnt/c/Users/carlo/Desktop/Cursos/cientistaDados_Lighthouse/Aulas/5desafio_V/programaLighthouse_eng_dados/airflow-data/dags/elt_dag.py
[2023-05-04T10:59:42.903-0300] {processor.py:743} INFO - Processing file /mnt/c/Users/carlo/Desktop/Cursos/cientistaDados_Lighthouse/Aulas/5desafio_V/programaLighthouse_eng_dados/airflow-data/dags/elt_dag.py for tasks to queue
[2023-05-04T10:59:42.905-0300] {logging_mixin.py:137} INFO - [2023-05-04T10:59:42.904-0300] {dagbag.py:532} INFO - Filling up the DagBag from /mnt/c/Users/carlo/Desktop/Cursos/cientistaDados_Lighthouse/Aulas/5desafio_V/programaLighthouse_eng_dados/airflow-data/dags/elt_dag.py
[2023-05-04T10:59:45.658-0300] {processor.py:753} INFO - DAG(s) dict_keys(['NorthwindELT']) retrieved from /mnt/c/Users/carlo/Desktop/Cursos/cientistaDados_Lighthouse/Aulas/5desafio_V/programaLighthouse_eng_dados/airflow-data/dags/elt_dag.py
[2023-05-04T10:59:45.835-0300] {logging_mixin.py:137} INFO - [2023-05-04T10:59:45.834-0300] {dag.py:2705} INFO - Sync 1 DAGs
[2023-05-04T10:59:45.861-0300] {logging_mixin.py:137} INFO - [2023-05-04T10:59:45.861-0300] {dag.py:3452} INFO - Setting next_dagrun for NorthwindELT to 2023-05-04T13:43:14.502505+00:00, run_after=2023-05-04T14:13:14.502505+00:00
[2023-05-04T10:59:45.939-0300] {processor.py:175} INFO - Processing /mnt/c/Users/carlo/Desktop/Cursos/cientistaDados_Lighthouse/Aulas/5desafio_V/programaLighthouse_eng_dados/airflow-data/dags/elt_dag.py took 3.042 seconds
[2023-05-04T11:00:16.537-0300] {processor.py:153} INFO - Started process (PID=763) to work on /mnt/c/Users/carlo/Desktop/Cursos/cientistaDados_Lighthouse/Aulas/5desafio_V/programaLighthouse_eng_dados/airflow-data/dags/elt_dag.py
[2023-05-04T11:00:16.538-0300] {processor.py:743} INFO - Processing file /mnt/c/Users/carlo/Desktop/Cursos/cientistaDados_Lighthouse/Aulas/5desafio_V/programaLighthouse_eng_dados/airflow-data/dags/elt_dag.py for tasks to queue
[2023-05-04T11:00:16.540-0300] {logging_mixin.py:137} INFO - [2023-05-04T11:00:16.539-0300] {dagbag.py:532} INFO - Filling up the DagBag from /mnt/c/Users/carlo/Desktop/Cursos/cientistaDados_Lighthouse/Aulas/5desafio_V/programaLighthouse_eng_dados/airflow-data/dags/elt_dag.py
[2023-05-04T11:00:19.780-0300] {processor.py:753} INFO - DAG(s) dict_keys(['NorthwindELT']) retrieved from /mnt/c/Users/carlo/Desktop/Cursos/cientistaDados_Lighthouse/Aulas/5desafio_V/programaLighthouse_eng_dados/airflow-data/dags/elt_dag.py
[2023-05-04T11:00:19.914-0300] {logging_mixin.py:137} INFO - [2023-05-04T11:00:19.914-0300] {dag.py:2705} INFO - Sync 1 DAGs
[2023-05-04T11:00:19.942-0300] {logging_mixin.py:137} INFO - [2023-05-04T11:00:19.941-0300] {dag.py:3452} INFO - Setting next_dagrun for NorthwindELT to 2023-05-04T13:43:14.502505+00:00, run_after=2023-05-04T14:13:14.502505+00:00
[2023-05-04T11:00:20.025-0300] {processor.py:175} INFO - Processing /mnt/c/Users/carlo/Desktop/Cursos/cientistaDados_Lighthouse/Aulas/5desafio_V/programaLighthouse_eng_dados/airflow-data/dags/elt_dag.py took 3.492 seconds
[2023-05-04T11:00:50.477-0300] {processor.py:153} INFO - Started process (PID=764) to work on /mnt/c/Users/carlo/Desktop/Cursos/cientistaDados_Lighthouse/Aulas/5desafio_V/programaLighthouse_eng_dados/airflow-data/dags/elt_dag.py
[2023-05-04T11:00:50.478-0300] {processor.py:743} INFO - Processing file /mnt/c/Users/carlo/Desktop/Cursos/cientistaDados_Lighthouse/Aulas/5desafio_V/programaLighthouse_eng_dados/airflow-data/dags/elt_dag.py for tasks to queue
[2023-05-04T11:00:50.479-0300] {logging_mixin.py:137} INFO - [2023-05-04T11:00:50.479-0300] {dagbag.py:532} INFO - Filling up the DagBag from /mnt/c/Users/carlo/Desktop/Cursos/cientistaDados_Lighthouse/Aulas/5desafio_V/programaLighthouse_eng_dados/airflow-data/dags/elt_dag.py
[2023-05-04T11:00:53.246-0300] {processor.py:753} INFO - DAG(s) dict_keys(['NorthwindELT']) retrieved from /mnt/c/Users/carlo/Desktop/Cursos/cientistaDados_Lighthouse/Aulas/5desafio_V/programaLighthouse_eng_dados/airflow-data/dags/elt_dag.py
[2023-05-04T11:00:53.567-0300] {logging_mixin.py:137} INFO - [2023-05-04T11:00:53.567-0300] {dag.py:2705} INFO - Sync 1 DAGs
[2023-05-04T11:00:53.698-0300] {logging_mixin.py:137} INFO - [2023-05-04T11:00:53.698-0300] {dag.py:3452} INFO - Setting next_dagrun for NorthwindELT to 2023-05-04T13:43:14.502505+00:00, run_after=2023-05-04T14:13:14.502505+00:00
[2023-05-04T11:00:53.893-0300] {processor.py:175} INFO - Processing /mnt/c/Users/carlo/Desktop/Cursos/cientistaDados_Lighthouse/Aulas/5desafio_V/programaLighthouse_eng_dados/airflow-data/dags/elt_dag.py took 3.420 seconds
[2023-05-04T11:01:24.436-0300] {processor.py:153} INFO - Started process (PID=766) to work on /mnt/c/Users/carlo/Desktop/Cursos/cientistaDados_Lighthouse/Aulas/5desafio_V/programaLighthouse_eng_dados/airflow-data/dags/elt_dag.py
[2023-05-04T11:01:24.437-0300] {processor.py:743} INFO - Processing file /mnt/c/Users/carlo/Desktop/Cursos/cientistaDados_Lighthouse/Aulas/5desafio_V/programaLighthouse_eng_dados/airflow-data/dags/elt_dag.py for tasks to queue
[2023-05-04T11:01:24.439-0300] {logging_mixin.py:137} INFO - [2023-05-04T11:01:24.438-0300] {dagbag.py:532} INFO - Filling up the DagBag from /mnt/c/Users/carlo/Desktop/Cursos/cientistaDados_Lighthouse/Aulas/5desafio_V/programaLighthouse_eng_dados/airflow-data/dags/elt_dag.py
[2023-05-04T11:01:27.498-0300] {processor.py:753} INFO - DAG(s) dict_keys(['NorthwindELT']) retrieved from /mnt/c/Users/carlo/Desktop/Cursos/cientistaDados_Lighthouse/Aulas/5desafio_V/programaLighthouse_eng_dados/airflow-data/dags/elt_dag.py
[2023-05-04T11:01:27.654-0300] {logging_mixin.py:137} INFO - [2023-05-04T11:01:27.654-0300] {dag.py:2705} INFO - Sync 1 DAGs
[2023-05-04T11:01:27.685-0300] {logging_mixin.py:137} INFO - [2023-05-04T11:01:27.685-0300] {dag.py:3452} INFO - Setting next_dagrun for NorthwindELT to 2023-05-04T13:43:14.502505+00:00, run_after=2023-05-04T14:13:14.502505+00:00
[2023-05-04T11:01:27.796-0300] {processor.py:175} INFO - Processing /mnt/c/Users/carlo/Desktop/Cursos/cientistaDados_Lighthouse/Aulas/5desafio_V/programaLighthouse_eng_dados/airflow-data/dags/elt_dag.py took 3.363 seconds
[2023-05-04T11:01:58.434-0300] {processor.py:153} INFO - Started process (PID=767) to work on /mnt/c/Users/carlo/Desktop/Cursos/cientistaDados_Lighthouse/Aulas/5desafio_V/programaLighthouse_eng_dados/airflow-data/dags/elt_dag.py
[2023-05-04T11:01:58.435-0300] {processor.py:743} INFO - Processing file /mnt/c/Users/carlo/Desktop/Cursos/cientistaDados_Lighthouse/Aulas/5desafio_V/programaLighthouse_eng_dados/airflow-data/dags/elt_dag.py for tasks to queue
[2023-05-04T11:01:58.447-0300] {logging_mixin.py:137} INFO - [2023-05-04T11:01:58.437-0300] {dagbag.py:532} INFO - Filling up the DagBag from /mnt/c/Users/carlo/Desktop/Cursos/cientistaDados_Lighthouse/Aulas/5desafio_V/programaLighthouse_eng_dados/airflow-data/dags/elt_dag.py
[2023-05-04T11:02:18.905-0300] {processor.py:753} INFO - DAG(s) dict_keys(['NorthwindELT']) retrieved from /mnt/c/Users/carlo/Desktop/Cursos/cientistaDados_Lighthouse/Aulas/5desafio_V/programaLighthouse_eng_dados/airflow-data/dags/elt_dag.py
[2023-05-04T11:02:19.323-0300] {logging_mixin.py:137} INFO - [2023-05-04T11:02:19.323-0300] {dag.py:2705} INFO - Sync 1 DAGs
[2023-05-04T11:02:19.421-0300] {logging_mixin.py:137} INFO - [2023-05-04T11:02:19.415-0300] {dag.py:3452} INFO - Setting next_dagrun for NorthwindELT to 2023-05-04T13:43:14.502505+00:00, run_after=2023-05-04T14:13:14.502505+00:00
[2023-05-04T11:02:19.598-0300] {processor.py:175} INFO - Processing /mnt/c/Users/carlo/Desktop/Cursos/cientistaDados_Lighthouse/Aulas/5desafio_V/programaLighthouse_eng_dados/airflow-data/dags/elt_dag.py took 21.171 seconds
[2023-05-04T11:02:50.051-0300] {processor.py:153} INFO - Started process (PID=769) to work on /mnt/c/Users/carlo/Desktop/Cursos/cientistaDados_Lighthouse/Aulas/5desafio_V/programaLighthouse_eng_dados/airflow-data/dags/elt_dag.py
[2023-05-04T11:02:50.052-0300] {processor.py:743} INFO - Processing file /mnt/c/Users/carlo/Desktop/Cursos/cientistaDados_Lighthouse/Aulas/5desafio_V/programaLighthouse_eng_dados/airflow-data/dags/elt_dag.py for tasks to queue
[2023-05-04T11:02:50.054-0300] {logging_mixin.py:137} INFO - [2023-05-04T11:02:50.054-0300] {dagbag.py:532} INFO - Filling up the DagBag from /mnt/c/Users/carlo/Desktop/Cursos/cientistaDados_Lighthouse/Aulas/5desafio_V/programaLighthouse_eng_dados/airflow-data/dags/elt_dag.py
[2023-05-04T11:02:57.716-0300] {processor.py:753} INFO - DAG(s) dict_keys(['NorthwindELT']) retrieved from /mnt/c/Users/carlo/Desktop/Cursos/cientistaDados_Lighthouse/Aulas/5desafio_V/programaLighthouse_eng_dados/airflow-data/dags/elt_dag.py
[2023-05-04T11:02:57.889-0300] {logging_mixin.py:137} INFO - [2023-05-04T11:02:57.888-0300] {dag.py:2705} INFO - Sync 1 DAGs
[2023-05-04T11:02:57.922-0300] {logging_mixin.py:137} INFO - [2023-05-04T11:02:57.922-0300] {dag.py:3452} INFO - Setting next_dagrun for NorthwindELT to 2023-05-04T13:43:14.502505+00:00, run_after=2023-05-04T14:13:14.502505+00:00
[2023-05-04T11:02:57.996-0300] {processor.py:175} INFO - Processing /mnt/c/Users/carlo/Desktop/Cursos/cientistaDados_Lighthouse/Aulas/5desafio_V/programaLighthouse_eng_dados/airflow-data/dags/elt_dag.py took 7.951 seconds
[2023-05-04T11:03:28.445-0300] {processor.py:153} INFO - Started process (PID=777) to work on /mnt/c/Users/carlo/Desktop/Cursos/cientistaDados_Lighthouse/Aulas/5desafio_V/programaLighthouse_eng_dados/airflow-data/dags/elt_dag.py
[2023-05-04T11:03:28.447-0300] {processor.py:743} INFO - Processing file /mnt/c/Users/carlo/Desktop/Cursos/cientistaDados_Lighthouse/Aulas/5desafio_V/programaLighthouse_eng_dados/airflow-data/dags/elt_dag.py for tasks to queue
[2023-05-04T11:03:28.450-0300] {logging_mixin.py:137} INFO - [2023-05-04T11:03:28.449-0300] {dagbag.py:532} INFO - Filling up the DagBag from /mnt/c/Users/carlo/Desktop/Cursos/cientistaDados_Lighthouse/Aulas/5desafio_V/programaLighthouse_eng_dados/airflow-data/dags/elt_dag.py
[2023-05-04T11:03:32.258-0300] {processor.py:753} INFO - DAG(s) dict_keys(['NorthwindELT']) retrieved from /mnt/c/Users/carlo/Desktop/Cursos/cientistaDados_Lighthouse/Aulas/5desafio_V/programaLighthouse_eng_dados/airflow-data/dags/elt_dag.py
[2023-05-04T11:03:32.427-0300] {logging_mixin.py:137} INFO - [2023-05-04T11:03:32.427-0300] {dag.py:2705} INFO - Sync 1 DAGs
[2023-05-04T11:03:32.462-0300] {logging_mixin.py:137} INFO - [2023-05-04T11:03:32.462-0300] {dag.py:3452} INFO - Setting next_dagrun for NorthwindELT to 2023-05-04T13:43:14.502505+00:00, run_after=2023-05-04T14:13:14.502505+00:00
[2023-05-04T11:03:32.548-0300] {processor.py:175} INFO - Processing /mnt/c/Users/carlo/Desktop/Cursos/cientistaDados_Lighthouse/Aulas/5desafio_V/programaLighthouse_eng_dados/airflow-data/dags/elt_dag.py took 4.109 seconds
[2023-05-04T11:04:07.714-0300] {processor.py:153} INFO - Started process (PID=788) to work on /mnt/c/Users/carlo/Desktop/Cursos/cientistaDados_Lighthouse/Aulas/5desafio_V/programaLighthouse_eng_dados/airflow-data/dags/elt_dag.py
[2023-05-04T11:04:07.716-0300] {processor.py:743} INFO - Processing file /mnt/c/Users/carlo/Desktop/Cursos/cientistaDados_Lighthouse/Aulas/5desafio_V/programaLighthouse_eng_dados/airflow-data/dags/elt_dag.py for tasks to queue
[2023-05-04T11:04:07.717-0300] {logging_mixin.py:137} INFO - [2023-05-04T11:04:07.717-0300] {dagbag.py:532} INFO - Filling up the DagBag from /mnt/c/Users/carlo/Desktop/Cursos/cientistaDados_Lighthouse/Aulas/5desafio_V/programaLighthouse_eng_dados/airflow-data/dags/elt_dag.py
[2023-05-04T11:04:24.853-0300] {processor.py:753} INFO - DAG(s) dict_keys(['NorthwindELT']) retrieved from /mnt/c/Users/carlo/Desktop/Cursos/cientistaDados_Lighthouse/Aulas/5desafio_V/programaLighthouse_eng_dados/airflow-data/dags/elt_dag.py
[2023-05-04T11:04:26.772-0300] {logging_mixin.py:137} INFO - [2023-05-04T11:04:26.770-0300] {dag.py:2705} INFO - Sync 1 DAGs
[2023-05-04T11:04:26.908-0300] {logging_mixin.py:137} INFO - [2023-05-04T11:04:26.908-0300] {dag.py:3452} INFO - Setting next_dagrun for NorthwindELT to 2023-05-04T13:43:14.502505+00:00, run_after=2023-05-04T14:13:14.502505+00:00
[2023-05-04T11:04:27.066-0300] {processor.py:175} INFO - Processing /mnt/c/Users/carlo/Desktop/Cursos/cientistaDados_Lighthouse/Aulas/5desafio_V/programaLighthouse_eng_dados/airflow-data/dags/elt_dag.py took 19.359 seconds
[2023-05-04T11:05:12.892-0300] {processor.py:153} INFO - Started process (PID=798) to work on /mnt/c/Users/carlo/Desktop/Cursos/cientistaDados_Lighthouse/Aulas/5desafio_V/programaLighthouse_eng_dados/airflow-data/dags/elt_dag.py
[2023-05-04T11:05:12.896-0300] {processor.py:743} INFO - Processing file /mnt/c/Users/carlo/Desktop/Cursos/cientistaDados_Lighthouse/Aulas/5desafio_V/programaLighthouse_eng_dados/airflow-data/dags/elt_dag.py for tasks to queue
[2023-05-04T11:05:12.907-0300] {logging_mixin.py:137} INFO - [2023-05-04T11:05:12.906-0300] {dagbag.py:532} INFO - Filling up the DagBag from /mnt/c/Users/carlo/Desktop/Cursos/cientistaDados_Lighthouse/Aulas/5desafio_V/programaLighthouse_eng_dados/airflow-data/dags/elt_dag.py
[2023-05-04T11:05:30.333-0300] {processor.py:753} INFO - DAG(s) dict_keys(['NorthwindELT']) retrieved from /mnt/c/Users/carlo/Desktop/Cursos/cientistaDados_Lighthouse/Aulas/5desafio_V/programaLighthouse_eng_dados/airflow-data/dags/elt_dag.py
[2023-05-04T11:05:30.726-0300] {logging_mixin.py:137} INFO - [2023-05-04T11:05:30.726-0300] {dag.py:2705} INFO - Sync 1 DAGs
[2023-05-04T11:05:30.854-0300] {logging_mixin.py:137} INFO - [2023-05-04T11:05:30.854-0300] {dag.py:3452} INFO - Setting next_dagrun for NorthwindELT to 2023-05-04T13:43:14.502505+00:00, run_after=2023-05-04T14:13:14.502505+00:00
[2023-05-04T11:05:31.002-0300] {processor.py:175} INFO - Processing /mnt/c/Users/carlo/Desktop/Cursos/cientistaDados_Lighthouse/Aulas/5desafio_V/programaLighthouse_eng_dados/airflow-data/dags/elt_dag.py took 18.119 seconds
[2023-05-04T11:06:05.657-0300] {processor.py:153} INFO - Started process (PID=805) to work on /mnt/c/Users/carlo/Desktop/Cursos/cientistaDados_Lighthouse/Aulas/5desafio_V/programaLighthouse_eng_dados/airflow-data/dags/elt_dag.py
[2023-05-04T11:06:05.660-0300] {processor.py:743} INFO - Processing file /mnt/c/Users/carlo/Desktop/Cursos/cientistaDados_Lighthouse/Aulas/5desafio_V/programaLighthouse_eng_dados/airflow-data/dags/elt_dag.py for tasks to queue
[2023-05-04T11:06:05.662-0300] {logging_mixin.py:137} INFO - [2023-05-04T11:06:05.662-0300] {dagbag.py:532} INFO - Filling up the DagBag from /mnt/c/Users/carlo/Desktop/Cursos/cientistaDados_Lighthouse/Aulas/5desafio_V/programaLighthouse_eng_dados/airflow-data/dags/elt_dag.py
[2023-05-04T11:06:13.074-0300] {processor.py:753} INFO - DAG(s) dict_keys(['NorthwindELT']) retrieved from /mnt/c/Users/carlo/Desktop/Cursos/cientistaDados_Lighthouse/Aulas/5desafio_V/programaLighthouse_eng_dados/airflow-data/dags/elt_dag.py
[2023-05-04T11:06:13.388-0300] {logging_mixin.py:137} INFO - [2023-05-04T11:06:13.387-0300] {dag.py:2705} INFO - Sync 1 DAGs
[2023-05-04T11:06:13.446-0300] {logging_mixin.py:137} INFO - [2023-05-04T11:06:13.445-0300] {dag.py:3452} INFO - Setting next_dagrun for NorthwindELT to 2023-05-04T13:43:14.502505+00:00, run_after=2023-05-04T14:13:14.502505+00:00
[2023-05-04T11:06:13.569-0300] {processor.py:175} INFO - Processing /mnt/c/Users/carlo/Desktop/Cursos/cientistaDados_Lighthouse/Aulas/5desafio_V/programaLighthouse_eng_dados/airflow-data/dags/elt_dag.py took 7.917 seconds
[2023-05-04T11:06:44.377-0300] {processor.py:153} INFO - Started process (PID=813) to work on /mnt/c/Users/carlo/Desktop/Cursos/cientistaDados_Lighthouse/Aulas/5desafio_V/programaLighthouse_eng_dados/airflow-data/dags/elt_dag.py
[2023-05-04T11:06:44.378-0300] {processor.py:743} INFO - Processing file /mnt/c/Users/carlo/Desktop/Cursos/cientistaDados_Lighthouse/Aulas/5desafio_V/programaLighthouse_eng_dados/airflow-data/dags/elt_dag.py for tasks to queue
[2023-05-04T11:06:44.379-0300] {logging_mixin.py:137} INFO - [2023-05-04T11:06:44.379-0300] {dagbag.py:532} INFO - Filling up the DagBag from /mnt/c/Users/carlo/Desktop/Cursos/cientistaDados_Lighthouse/Aulas/5desafio_V/programaLighthouse_eng_dados/airflow-data/dags/elt_dag.py
[2023-05-04T11:06:52.291-0300] {processor.py:753} INFO - DAG(s) dict_keys(['NorthwindELT']) retrieved from /mnt/c/Users/carlo/Desktop/Cursos/cientistaDados_Lighthouse/Aulas/5desafio_V/programaLighthouse_eng_dados/airflow-data/dags/elt_dag.py
[2023-05-04T11:06:52.512-0300] {logging_mixin.py:137} INFO - [2023-05-04T11:06:52.512-0300] {dag.py:2705} INFO - Sync 1 DAGs
[2023-05-04T11:06:52.550-0300] {logging_mixin.py:137} INFO - [2023-05-04T11:06:52.550-0300] {dag.py:3452} INFO - Setting next_dagrun for NorthwindELT to 2023-05-04T13:43:14.502505+00:00, run_after=2023-05-04T14:13:14.502505+00:00
[2023-05-04T11:06:52.644-0300] {processor.py:175} INFO - Processing /mnt/c/Users/carlo/Desktop/Cursos/cientistaDados_Lighthouse/Aulas/5desafio_V/programaLighthouse_eng_dados/airflow-data/dags/elt_dag.py took 8.272 seconds
[2023-05-04T11:07:23.916-0300] {processor.py:153} INFO - Started process (PID=821) to work on /mnt/c/Users/carlo/Desktop/Cursos/cientistaDados_Lighthouse/Aulas/5desafio_V/programaLighthouse_eng_dados/airflow-data/dags/elt_dag.py
[2023-05-04T11:07:23.928-0300] {processor.py:743} INFO - Processing file /mnt/c/Users/carlo/Desktop/Cursos/cientistaDados_Lighthouse/Aulas/5desafio_V/programaLighthouse_eng_dados/airflow-data/dags/elt_dag.py for tasks to queue
[2023-05-04T11:07:23.930-0300] {logging_mixin.py:137} INFO - [2023-05-04T11:07:23.929-0300] {dagbag.py:532} INFO - Filling up the DagBag from /mnt/c/Users/carlo/Desktop/Cursos/cientistaDados_Lighthouse/Aulas/5desafio_V/programaLighthouse_eng_dados/airflow-data/dags/elt_dag.py
[2023-05-04T11:07:32.746-0300] {processor.py:753} INFO - DAG(s) dict_keys(['NorthwindELT']) retrieved from /mnt/c/Users/carlo/Desktop/Cursos/cientistaDados_Lighthouse/Aulas/5desafio_V/programaLighthouse_eng_dados/airflow-data/dags/elt_dag.py
[2023-05-04T11:07:32.939-0300] {logging_mixin.py:137} INFO - [2023-05-04T11:07:32.939-0300] {dag.py:2705} INFO - Sync 1 DAGs
[2023-05-04T11:07:32.979-0300] {logging_mixin.py:137} INFO - [2023-05-04T11:07:32.979-0300] {dag.py:3452} INFO - Setting next_dagrun for NorthwindELT to 2023-05-04T13:43:14.502505+00:00, run_after=2023-05-04T14:13:14.502505+00:00
[2023-05-04T11:07:33.071-0300] {processor.py:175} INFO - Processing /mnt/c/Users/carlo/Desktop/Cursos/cientistaDados_Lighthouse/Aulas/5desafio_V/programaLighthouse_eng_dados/airflow-data/dags/elt_dag.py took 9.161 seconds
[2023-05-04T11:08:04.253-0300] {processor.py:153} INFO - Started process (PID=822) to work on /mnt/c/Users/carlo/Desktop/Cursos/cientistaDados_Lighthouse/Aulas/5desafio_V/programaLighthouse_eng_dados/airflow-data/dags/elt_dag.py
[2023-05-04T11:08:04.255-0300] {processor.py:743} INFO - Processing file /mnt/c/Users/carlo/Desktop/Cursos/cientistaDados_Lighthouse/Aulas/5desafio_V/programaLighthouse_eng_dados/airflow-data/dags/elt_dag.py for tasks to queue
[2023-05-04T11:08:04.256-0300] {logging_mixin.py:137} INFO - [2023-05-04T11:08:04.256-0300] {dagbag.py:532} INFO - Filling up the DagBag from /mnt/c/Users/carlo/Desktop/Cursos/cientistaDados_Lighthouse/Aulas/5desafio_V/programaLighthouse_eng_dados/airflow-data/dags/elt_dag.py
[2023-05-04T11:08:07.854-0300] {processor.py:753} INFO - DAG(s) dict_keys(['NorthwindELT']) retrieved from /mnt/c/Users/carlo/Desktop/Cursos/cientistaDados_Lighthouse/Aulas/5desafio_V/programaLighthouse_eng_dados/airflow-data/dags/elt_dag.py
[2023-05-04T11:08:08.031-0300] {logging_mixin.py:137} INFO - [2023-05-04T11:08:08.031-0300] {dag.py:2705} INFO - Sync 1 DAGs
[2023-05-04T11:08:08.060-0300] {logging_mixin.py:137} INFO - [2023-05-04T11:08:08.059-0300] {dag.py:3452} INFO - Setting next_dagrun for NorthwindELT to 2023-05-04T13:43:14.502505+00:00, run_after=2023-05-04T14:13:14.502505+00:00
[2023-05-04T11:08:08.156-0300] {processor.py:175} INFO - Processing /mnt/c/Users/carlo/Desktop/Cursos/cientistaDados_Lighthouse/Aulas/5desafio_V/programaLighthouse_eng_dados/airflow-data/dags/elt_dag.py took 3.906 seconds
[2023-05-04T11:08:38.854-0300] {processor.py:153} INFO - Started process (PID=824) to work on /mnt/c/Users/carlo/Desktop/Cursos/cientistaDados_Lighthouse/Aulas/5desafio_V/programaLighthouse_eng_dados/airflow-data/dags/elt_dag.py
[2023-05-04T11:08:38.855-0300] {processor.py:743} INFO - Processing file /mnt/c/Users/carlo/Desktop/Cursos/cientistaDados_Lighthouse/Aulas/5desafio_V/programaLighthouse_eng_dados/airflow-data/dags/elt_dag.py for tasks to queue
[2023-05-04T11:08:38.856-0300] {logging_mixin.py:137} INFO - [2023-05-04T11:08:38.856-0300] {dagbag.py:532} INFO - Filling up the DagBag from /mnt/c/Users/carlo/Desktop/Cursos/cientistaDados_Lighthouse/Aulas/5desafio_V/programaLighthouse_eng_dados/airflow-data/dags/elt_dag.py
[2023-05-04T11:08:43.206-0300] {processor.py:753} INFO - DAG(s) dict_keys(['NorthwindELT']) retrieved from /mnt/c/Users/carlo/Desktop/Cursos/cientistaDados_Lighthouse/Aulas/5desafio_V/programaLighthouse_eng_dados/airflow-data/dags/elt_dag.py
[2023-05-04T11:08:43.418-0300] {logging_mixin.py:137} INFO - [2023-05-04T11:08:43.418-0300] {dag.py:2705} INFO - Sync 1 DAGs
[2023-05-04T11:08:43.466-0300] {logging_mixin.py:137} INFO - [2023-05-04T11:08:43.466-0300] {dag.py:3452} INFO - Setting next_dagrun for NorthwindELT to 2023-05-04T13:43:14.502505+00:00, run_after=2023-05-04T14:13:14.502505+00:00
[2023-05-04T11:08:43.556-0300] {processor.py:175} INFO - Processing /mnt/c/Users/carlo/Desktop/Cursos/cientistaDados_Lighthouse/Aulas/5desafio_V/programaLighthouse_eng_dados/airflow-data/dags/elt_dag.py took 4.706 seconds
[2023-05-04T11:09:14.051-0300] {processor.py:153} INFO - Started process (PID=826) to work on /mnt/c/Users/carlo/Desktop/Cursos/cientistaDados_Lighthouse/Aulas/5desafio_V/programaLighthouse_eng_dados/airflow-data/dags/elt_dag.py
[2023-05-04T11:09:14.052-0300] {processor.py:743} INFO - Processing file /mnt/c/Users/carlo/Desktop/Cursos/cientistaDados_Lighthouse/Aulas/5desafio_V/programaLighthouse_eng_dados/airflow-data/dags/elt_dag.py for tasks to queue
[2023-05-04T11:09:14.054-0300] {logging_mixin.py:137} INFO - [2023-05-04T11:09:14.054-0300] {dagbag.py:532} INFO - Filling up the DagBag from /mnt/c/Users/carlo/Desktop/Cursos/cientistaDados_Lighthouse/Aulas/5desafio_V/programaLighthouse_eng_dados/airflow-data/dags/elt_dag.py
[2023-05-04T11:09:17.028-0300] {processor.py:753} INFO - DAG(s) dict_keys(['NorthwindELT']) retrieved from /mnt/c/Users/carlo/Desktop/Cursos/cientistaDados_Lighthouse/Aulas/5desafio_V/programaLighthouse_eng_dados/airflow-data/dags/elt_dag.py
[2023-05-04T11:09:17.177-0300] {logging_mixin.py:137} INFO - [2023-05-04T11:09:17.177-0300] {dag.py:2705} INFO - Sync 1 DAGs
[2023-05-04T11:09:17.203-0300] {logging_mixin.py:137} INFO - [2023-05-04T11:09:17.203-0300] {dag.py:3452} INFO - Setting next_dagrun for NorthwindELT to 2023-05-04T13:43:14.502505+00:00, run_after=2023-05-04T14:13:14.502505+00:00
[2023-05-04T11:09:17.299-0300] {processor.py:175} INFO - Processing /mnt/c/Users/carlo/Desktop/Cursos/cientistaDados_Lighthouse/Aulas/5desafio_V/programaLighthouse_eng_dados/airflow-data/dags/elt_dag.py took 3.252 seconds
[2023-05-04T11:09:48.814-0300] {processor.py:153} INFO - Started process (PID=827) to work on /mnt/c/Users/carlo/Desktop/Cursos/cientistaDados_Lighthouse/Aulas/5desafio_V/programaLighthouse_eng_dados/airflow-data/dags/elt_dag.py
[2023-05-04T11:09:48.825-0300] {processor.py:743} INFO - Processing file /mnt/c/Users/carlo/Desktop/Cursos/cientistaDados_Lighthouse/Aulas/5desafio_V/programaLighthouse_eng_dados/airflow-data/dags/elt_dag.py for tasks to queue
[2023-05-04T11:09:48.827-0300] {logging_mixin.py:137} INFO - [2023-05-04T11:09:48.827-0300] {dagbag.py:532} INFO - Filling up the DagBag from /mnt/c/Users/carlo/Desktop/Cursos/cientistaDados_Lighthouse/Aulas/5desafio_V/programaLighthouse_eng_dados/airflow-data/dags/elt_dag.py
[2023-05-04T11:09:56.437-0300] {processor.py:753} INFO - DAG(s) dict_keys(['NorthwindELT']) retrieved from /mnt/c/Users/carlo/Desktop/Cursos/cientistaDados_Lighthouse/Aulas/5desafio_V/programaLighthouse_eng_dados/airflow-data/dags/elt_dag.py
[2023-05-04T11:09:57.229-0300] {logging_mixin.py:137} INFO - [2023-05-04T11:09:57.228-0300] {dag.py:2705} INFO - Sync 1 DAGs
[2023-05-04T11:09:57.325-0300] {logging_mixin.py:137} INFO - [2023-05-04T11:09:57.324-0300] {dag.py:3452} INFO - Setting next_dagrun for NorthwindELT to 2023-05-04T13:43:14.502505+00:00, run_after=2023-05-04T14:13:14.502505+00:00
[2023-05-04T11:09:57.477-0300] {processor.py:175} INFO - Processing /mnt/c/Users/carlo/Desktop/Cursos/cientistaDados_Lighthouse/Aulas/5desafio_V/programaLighthouse_eng_dados/airflow-data/dags/elt_dag.py took 8.670 seconds
[2023-05-04T11:10:27.793-0300] {processor.py:153} INFO - Started process (PID=829) to work on /mnt/c/Users/carlo/Desktop/Cursos/cientistaDados_Lighthouse/Aulas/5desafio_V/programaLighthouse_eng_dados/airflow-data/dags/elt_dag.py
[2023-05-04T11:10:27.794-0300] {processor.py:743} INFO - Processing file /mnt/c/Users/carlo/Desktop/Cursos/cientistaDados_Lighthouse/Aulas/5desafio_V/programaLighthouse_eng_dados/airflow-data/dags/elt_dag.py for tasks to queue
[2023-05-04T11:10:27.795-0300] {logging_mixin.py:137} INFO - [2023-05-04T11:10:27.795-0300] {dagbag.py:532} INFO - Filling up the DagBag from /mnt/c/Users/carlo/Desktop/Cursos/cientistaDados_Lighthouse/Aulas/5desafio_V/programaLighthouse_eng_dados/airflow-data/dags/elt_dag.py
[2023-05-04T11:10:35.257-0300] {processor.py:753} INFO - DAG(s) dict_keys(['NorthwindELT']) retrieved from /mnt/c/Users/carlo/Desktop/Cursos/cientistaDados_Lighthouse/Aulas/5desafio_V/programaLighthouse_eng_dados/airflow-data/dags/elt_dag.py
[2023-05-04T11:10:35.905-0300] {logging_mixin.py:137} INFO - [2023-05-04T11:10:35.905-0300] {dag.py:2705} INFO - Sync 1 DAGs
[2023-05-04T11:10:36.019-0300] {logging_mixin.py:137} INFO - [2023-05-04T11:10:36.019-0300] {dag.py:3452} INFO - Setting next_dagrun for NorthwindELT to 2023-05-04T13:43:14.502505+00:00, run_after=2023-05-04T14:13:14.502505+00:00
[2023-05-04T11:10:36.167-0300] {processor.py:175} INFO - Processing /mnt/c/Users/carlo/Desktop/Cursos/cientistaDados_Lighthouse/Aulas/5desafio_V/programaLighthouse_eng_dados/airflow-data/dags/elt_dag.py took 8.379 seconds
