[2023-05-04T11:06:42.676-0300] {taskinstance.py:1090} INFO - Dependencies all met for dep_context=non-requeueable deps ti=<TaskInstance: NorthwindELT.run_query manual__2023-05-04T14:04:17.012090+00:00 [queued]>
[2023-05-04T11:06:42.749-0300] {taskinstance.py:1090} INFO - Dependencies all met for dep_context=requeueable deps ti=<TaskInstance: NorthwindELT.run_query manual__2023-05-04T14:04:17.012090+00:00 [queued]>
[2023-05-04T11:06:42.750-0300] {taskinstance.py:1288} INFO - 
--------------------------------------------------------------------------------
[2023-05-04T11:06:42.750-0300] {taskinstance.py:1289} INFO - Starting attempt 1 of 2
[2023-05-04T11:06:42.751-0300] {taskinstance.py:1290} INFO - 
--------------------------------------------------------------------------------
[2023-05-04T11:06:42.864-0300] {taskinstance.py:1309} INFO - Executing <Task(PythonOperator): run_query> on 2023-05-04 14:04:17.012090+00:00
[2023-05-04T11:06:42.869-0300] {standard_task_runner.py:55} INFO - Started process 812 to run task
[2023-05-04T11:06:42.875-0300] {standard_task_runner.py:82} INFO - Running: ['airflow', 'tasks', 'run', 'NorthwindELT', 'run_query', 'manual__2023-05-04T14:04:17.012090+00:00', '--job-id', '12', '--raw', '--subdir', 'DAGS_FOLDER/elt_dag.py', '--cfg-path', '/tmp/tmpgga_grah']
[2023-05-04T11:06:42.877-0300] {standard_task_runner.py:83} INFO - Job 12: Subtask run_query
[2023-05-04T11:06:43.049-0300] {task_command.py:389} INFO - Running <TaskInstance: NorthwindELT.run_query manual__2023-05-04T14:04:17.012090+00:00 [running]> on host DESKTOP-9GR2FI9.localdomain
[2023-05-04T11:06:43.258-0300] {taskinstance.py:1516} INFO - Exporting the following env vars:
AIRFLOW_CTX_DAG_EMAIL=airflow@example.com
AIRFLOW_CTX_DAG_OWNER=airflow
AIRFLOW_CTX_DAG_ID=NorthwindELT
AIRFLOW_CTX_TASK_ID=run_query
AIRFLOW_CTX_EXECUTION_DATE=2023-05-04T14:04:17.012090+00:00
AIRFLOW_CTX_TRY_NUMBER=1
AIRFLOW_CTX_DAG_RUN_ID=manual__2023-05-04T14:04:17.012090+00:00
[2023-05-04T11:06:43.303-0300] {python.py:177} INFO - Done. Returned value was: None
[2023-05-04T11:06:43.324-0300] {taskinstance.py:1327} INFO - Marking task as SUCCESS. dag_id=NorthwindELT, task_id=run_query, execution_date=20230504T140417, start_date=20230504T140642, end_date=20230504T140643
[2023-05-04T11:06:43.409-0300] {local_task_job.py:212} INFO - Task exited with return code 0
[2023-05-04T11:06:43.481-0300] {taskinstance.py:2596} INFO - 1 downstream tasks scheduled from follow-on schedule check
