[2023-05-04T11:04:04.772-0300] {taskinstance.py:1090} INFO - Dependencies all met for dep_context=non-requeueable deps ti=<TaskInstance: NorthwindELT.extract_postgres manual__2023-05-04T13:44:10.032560+00:00 [queued]>
[2023-05-04T11:04:04.815-0300] {taskinstance.py:1090} INFO - Dependencies all met for dep_context=requeueable deps ti=<TaskInstance: NorthwindELT.extract_postgres manual__2023-05-04T13:44:10.032560+00:00 [queued]>
[2023-05-04T11:04:04.816-0300] {taskinstance.py:1288} INFO - 
--------------------------------------------------------------------------------
[2023-05-04T11:04:04.816-0300] {taskinstance.py:1289} INFO - Starting attempt 1 of 2
[2023-05-04T11:04:04.817-0300] {taskinstance.py:1290} INFO - 
--------------------------------------------------------------------------------
[2023-05-04T11:04:04.872-0300] {taskinstance.py:1309} INFO - Executing <Task(PythonOperator): extract_postgres> on 2023-05-04 13:44:10.032560+00:00
[2023-05-04T11:04:04.876-0300] {standard_task_runner.py:55} INFO - Started process 783 to run task
[2023-05-04T11:04:04.882-0300] {standard_task_runner.py:82} INFO - Running: ['airflow', 'tasks', 'run', 'NorthwindELT', 'extract_postgres', 'manual__2023-05-04T13:44:10.032560+00:00', '--job-id', '9', '--raw', '--subdir', 'DAGS_FOLDER/elt_dag.py', '--cfg-path', '/tmp/tmp2_yrc2hx']
[2023-05-04T11:04:04.885-0300] {standard_task_runner.py:83} INFO - Job 9: Subtask extract_postgres
[2023-05-04T11:04:05.074-0300] {task_command.py:389} INFO - Running <TaskInstance: NorthwindELT.extract_postgres manual__2023-05-04T13:44:10.032560+00:00 [running]> on host DESKTOP-9GR2FI9.localdomain
[2023-05-04T11:04:05.293-0300] {taskinstance.py:1516} INFO - Exporting the following env vars:
AIRFLOW_CTX_DAG_EMAIL=airflow@example.com
AIRFLOW_CTX_DAG_OWNER=airflow
AIRFLOW_CTX_DAG_ID=NorthwindELT
AIRFLOW_CTX_TASK_ID=extract_postgres
AIRFLOW_CTX_EXECUTION_DATE=2023-05-04T13:44:10.032560+00:00
AIRFLOW_CTX_TRY_NUMBER=1
AIRFLOW_CTX_DAG_RUN_ID=manual__2023-05-04T13:44:10.032560+00:00
[2023-05-04T11:04:05.318-0300] {logging_mixin.py:137} WARNING - /mnt/c/Users/carlo/Desktop/Cursos/cientistaDados_Lighthouse/Aulas/5desafio_V/programaLighthouse_eng_dados/airflow-data/dags/elt_dag.py:17 UserWarning: pandas only supports SQLAlchemy connectable (engine/connection) or database string URI or sqlite3 DBAPI2 connection. Other DBAPI2 objects are not tested. Please consider using SQLAlchemy.
[2023-05-04T11:04:05.388-0300] {python.py:177} INFO - Done. Returned value was: None
[2023-05-04T11:04:05.411-0300] {taskinstance.py:1327} INFO - Marking task as SUCCESS. dag_id=NorthwindELT, task_id=extract_postgres, execution_date=20230504T134410, start_date=20230504T140404, end_date=20230504T140405
[2023-05-04T11:04:05.499-0300] {local_task_job.py:212} INFO - Task exited with return code 0
[2023-05-04T11:04:05.567-0300] {taskinstance.py:2596} INFO - 1 downstream tasks scheduled from follow-on schedule check
